<?xml version="1.0" encoding="utf-8"?><testsuites name="pytest tests"><testsuite name="pytest" errors="0" failures="2" skipped="0" tests="24" time="3.329" timestamp="2026-07-20T07:09:07.462738+00:00" hostname="agent-env-af7cc636-8506-4548-af82-a1a50aae0158"><testcase classname="tests.test_fixture_acceptance_b.TestFixtureLogin" name="test_fixture_login_returns_access_token" time="0.488" /><testcase classname="tests.test_fixture_acceptance_b.TestFixtureRebaseline" name="test_applications_empty_on_start" time="0.369" /><testcase classname="tests.test_fixture_acceptance_b.TestFixtureRebaseline" name="test_usage_meter_starts_at_zero" time="0.045" /><testcase classname="tests.test_fixture_acceptance_b.TestFixtureRebaseline" name="test_preferences_are_seeded" time="0.044" /><testcase classname="tests.test_fixture_acceptance_b.TestFixtureRebaseline" name="test_eligibility_is_seeded" time="0.046" /><testcase classname="tests.test_fixture_acceptance_b.TestFixtureRebaseline" name="test_claims_all_approved_covering_core" time="0.064" /><testcase classname="tests.test_fixture_acceptance_b.TestAcceptanceGeometry" name="test_feed_weights_and_totals_exact" time="0.061" /><testcase classname="tests.test_fixture_acceptance_b.TestAcceptanceGeometry" name="test_feed_fail_reason_counts_exact" time="0.000" /><testcase classname="tests.test_fixture_acceptance_b.TestAcceptanceGeometry" name="test_coverage_preview_parity" time="0.052" /><testcase classname="tests.test_fixture_acceptance_b.TestPassingJobsDetail" name="test_passing_jobs_have_score_and_top_reasons" time="0.000" /><testcase classname="tests.test_fixture_acceptance_b.TestMatchModal" name="test_match_modal_full_shape" time="0.043" /><testcase classname="tests.test_fixture_acceptance_b.TestShortlistFlow" name="test_01_shortlist_happy_path" time="0.727" /><testcase classname="tests.test_fixture_acceptance_b.TestShortlistFlow" name="test_02_shortlist_duplicate_409" time="0.085" /><testcase classname="tests.test_fixture_acceptance_b.TestShortlistFlow" name="test_03_shortlist_idempotency_replay" time="0.085" /><testcase classname="tests.test_fixture_acceptance_b.TestHideFlow" name="test_hide_removes_from_feed_and_shortlist_shows_in_excluded" time="0.102" /><testcase classname="tests.test_fixture_acceptance_b.TestStateTransition" name="test_atomic_transition_and_precondition_failed" time="0.087" /><testcase classname="tests.test_fixture_acceptance_b.TestUserZeroCleanup" name="test_user_zero_prefs_and_eligibility_wiped" time="0.409"><failure message="AssertionError: expected empty eligibility, got {'version': 2, 'status': 'citizen', 'dates': {}, 'derived_flags': {'itar_excluded': False, 'e_verify_need': False, 'sponsorship_need': False}, 'updated_at': '2026-07-20T06:58:03.185000', 'sealed': True}&#10;assert not 'citizen'&#10; +  where 'citizen' = &lt;built-in method get of dict object at 0xfec638591900&gt;('status')&#10; +    where &lt;built-in method get of dict object at 0xfec638591900&gt; = {'version': 2, 'status': 'citizen', 'dates': {}, 'derived_flags': {'itar_excluded': False, 'e_verify_need': False, 'sponsorship_need': False}, ...}.get">E   AssertionError: expected empty eligibility, got {'version': 2, 'status': 'citizen', 'dates': {}, 'derived_flags': {'itar_excluded': False, 'e_verify_need': False, 'sponsorship_need': False}, 'updated_at': '2026-07-20T06:58:03.185000', 'sealed': True}
    assert not 'citizen'
     +  where 'citizen' = &lt;built-in method get of dict object at 0xfec638591900&gt;('status')
     +    where &lt;built-in method get of dict object at 0xfec638591900&gt; = {'version': 2, 'status': 'citizen', 'dates': {}, 'derived_flags': {'itar_excluded': False, 'e_verify_need': False, 'sponsorship_need': False}, ...}.get</failure></testcase><testcase classname="tests.test_fixture_acceptance_b.TestUserZeroCleanup" name="test_user_zero_applications_empty" time="0.050"><failure message="AssertionError: expected empty apps, got [{'id': 'beccd1e2-193a-479a-8511-995d66aafb35', 'user_id': '4f65a5d8-9f24-474d-b8af-e87df30b598f', 'job_id': '00cef519-df4a-4902-a142-311b5280cb90', 'company_id': 'e3a90842-85b2-4e04-bf50-f016e1b75d7f', 'job_snapshot': {'title': 'Powertrain Controls Engineer', 'company_name': 'SampleCo (demo)', 'canonical_key': 'sampleco.demo::sample-04', 'is_sample': True}, 'state': 'preparing', 'route': 'manual_queue', 'route_rationale': 'Routing is pending a human review. Materials get prepared; a person confirms the path before send.', 'materials': {}, 'authorization_id': None, 'minutes_to_prepare': None, 'fields_corrected': None, 'created_at': '2026-07-20T06:58:04.638000', 'updated_at': '2026-07-20T06:58:04.732000'}, {'id': '5b73dd9e-3983-444d-af31-69ab4f528c28', 'user_id': '4f65a5d8-9f24-474d-b8af-e87df30b598f', 'job_id': '184814d9-24cb-40c5-83c6-d57cb5a8e069', 'company_id': 'e3a90842-85b2-4e04-bf50-f016e1b75d7f', 'job_snapshot': {'title': 'HIL Simulation Engineer', 'company_name': 'SampleCo (demo)', 'canonical_key': 'sampleco.demo::sample-03', 'is_sample': True}, 'state': 'shortlisted', 'route': 'guided_manual', 'route_rationale': 'Employer uses an ATS-hosted application. Guided manual keeps the applicant transparent to the employer.', 'materials': {}, 'authorization_id': None, 'minutes_to_prepare': None, 'fields_corrected': None, 'created_at': '2026-07-20T06:58:04.352000', 'updated_at': '2026-07-20T06:58:04.352000'}, {'id': '7c6dc0df-befa-41d3-b4a2-89185e039dc2', 'user_id': '4f65a5d8-9f24-474d-b8af-e87df30b598f', 'job_id': '01e5b094-d882-4346-b4f5-5021f4860261', 'company_id': 'e3a90842-85b2-4e04-bf50-f016e1b75d7f', 'job_snapshot': {'title': 'Battery Test Engineer', 'company_name': 'SampleCo (demo)', 'canonical_key': 'sampleco.demo::sample-02', 'is_sample': True}, 'state': 'preparing', 'route': 'guided_manual', 'route_rationale': 'Employer uses an ATS-hosted application. Guided manual keeps the applicant transparent to the employer.', 'materials': {}, 'authorization_id': None, 'minutes_to_prepare': None, 'fields_corrected': None, 'created_at': '2026-07-20T06:58:02.709000', 'updated_at': '2026-07-20T06:58:02.807000'}, {'id': 'ab4d90e6-8901-48b6-bd7f-669c1e1e54a4', 'user_id': '4f65a5d8-9f24-474d-b8af-e87df30b598f', 'job_id': '98109a0a-0d0c-4912-bf5f-ade4e3c97acc', 'company_id': 'e3a90842-85b2-4e04-bf50-f016e1b75d7f', 'job_snapshot': {'title': 'Vehicle Systems Engineer', 'company_name': 'SampleCo (demo)', 'canonical_key': 'sampleco.demo::sample-01', 'is_sample': True}, 'state': 'shortlisted', 'route': 'manual_queue', 'route_rationale': 'Routing is pending a human review. Materials get prepared; a person confirms the path before send.', 'materials': {}, 'authorization_id': None, 'minutes_to_prepare': None, 'fields_corrected': None, 'created_at': '2026-07-20T06:58:02.395000', 'updated_at': '2026-07-20T06:58:02.395000'}]&#10;assert ([{'id': 'becc...b75d7f', ...}] == []&#10;  &#10;  Left contains 4 more items, first extra item: {'id': 'beccd1e2-193a-479a-8511-995d66aafb35', 'user_id': '4f65a5d8-9f24-474d-b8af-e87df30b598f', 'job_id': '00cef519-df4a-4902-a142-311b5280cb90', 'company_id': 'e3a90842-85b2-4e04-bf50-f016e1b75d7f', ...}&#10;  &#10;  Full diff:&#10;  - []&#10;  + [&#10;  +     {...&#10;  &#10;  ...Full output truncated (88 lines hidden), use '-vv' to show or [{'id': 'beccd1e2-193a-479a-8511-995d66aafb35', 'user_id': '4f65a5d8-9f24-474d-b8af-e87df30b598f', 'job_id': '00cef519-df4a-4902-a142-311b5280cb90', 'company_id': 'e3a90842-85b2-4e04-bf50-f016e1b75d7f', ...}, {'id': '5b73dd9e-3983-444d-af31-69ab4f528c28', 'user_id': '4f65a5d8-9f24-474d-b8af-e87df30b598f', 'job_id': '184814d9-24cb-40c5-83c6-d57cb5a8e069', 'company_id': 'e3a90842-85b2-4e04-bf50-f016e1b75d7f', ...}, {'id': '7c6dc0df-befa-41d3-b4a2-89185e039dc2', 'user_id': '4f65a5d8-9f24-474d-b8af-e87df30b598f', 'job_id': '01e5b094-d882-4346-b4f5-5021f4860261', 'company_id': 'e3a90842-85b2-4e04-bf50-f016e1b75d7f', ...}, {'id': 'ab4d90e6-8901-48b6-bd7f-669c1e1e54a4', 'user_id': '4f65a5d8-9f24-474d-b8af-e87df30b598f', 'job_id': '98109a0a-0d0c-4912-bf5f-ade4e3c97acc', 'company_id': 'e3a90842-85b2-4e04-bf50-f016e1b75d7f', ...}] is None)">E   AssertionError: expected empty apps, got [{'id': 'beccd1e2-193a-479a-8511-995d66aafb35', 'user_id': '4f65a5d8-9f24-474d-b8af-e87df30b598f', 'job_id': '00cef519-df4a-4902-a142-311b5280cb90', 'company_id': 'e3a90842-85b2-4e04-bf50-f016e1b75d7f', 'job_snapshot': {'title': 'Powertrain Controls Engineer', 'company_name': 'SampleCo (demo)', 'canonical_key': 'sampleco.demo::sample-04', 'is_sample': True}, 'state': 'preparing', 'route': 'manual_queue', 'route_rationale': 'Routing is pending a human review. Materials get prepared; a person confirms the path before send.', 'materials': {}, 'authorization_id': None, 'minutes_to_prepare': None, 'fields_corrected': None, 'created_at': '2026-07-20T06:58:04.638000', 'updated_at': '2026-07-20T06:58:04.732000'}, {'id': '5b73dd9e-3983-444d-af31-69ab4f528c28', 'user_id': '4f65a5d8-9f24-474d-b8af-e87df30b598f', 'job_id': '184814d9-24cb-40c5-83c6-d57cb5a8e069', 'company_id': 'e3a90842-85b2-4e04-bf50-f016e1b75d7f', 'job_snapshot': {'title': 'HIL Simulation Engineer', 'company_name': 'SampleCo (demo)', 'canonical_key': 'sampleco.demo::sample-03', 'is_sample': True}, 'state': 'shortlisted', 'route': 'guided_manual', 'route_rationale': 'Employer uses an ATS-hosted application. Guided manual keeps the applicant transparent to the employer.', 'materials': {}, 'authorization_id': None, 'minutes_to_prepare': None, 'fields_corrected': None, 'created_at': '2026-07-20T06:58:04.352000', 'updated_at': '2026-07-20T06:58:04.352000'}, {'id': '7c6dc0df-befa-41d3-b4a2-89185e039dc2', 'user_id': '4f65a5d8-9f24-474d-b8af-e87df30b598f', 'job_id': '01e5b094-d882-4346-b4f5-5021f4860261', 'company_id': 'e3a90842-85b2-4e04-bf50-f016e1b75d7f', 'job_snapshot': {'title': 'Battery Test Engineer', 'company_name': 'SampleCo (demo)', 'canonical_key': 'sampleco.demo::sample-02', 'is_sample': True}, 'state': 'preparing', 'route': 'guided_manual', 'route_rationale': 'Employer uses an ATS-hosted application. Guided manual keeps the applicant transparent to the employer.', 'materials': {}, 'authorization_id': None, 'minutes_to_prepare': None, 'fields_corrected': None, 'created_at': '2026-07-20T06:58:02.709000', 'updated_at': '2026-07-20T06:58:02.807000'}, {'id': 'ab4d90e6-8901-48b6-bd7f-669c1e1e54a4', 'user_id': '4f65a5d8-9f24-474d-b8af-e87df30b598f', 'job_id': '98109a0a-0d0c-4912-bf5f-ade4e3c97acc', 'company_id': 'e3a90842-85b2-4e04-bf50-f016e1b75d7f', 'job_snapshot': {'title': 'Vehicle Systems Engineer', 'company_name': 'SampleCo (demo)', 'canonical_key': 'sampleco.demo::sample-01', 'is_sample': True}, 'state': 'shortlisted', 'route': 'manual_queue', 'route_rationale': 'Routing is pending a human review. Materials get prepared; a person confirms the path before send.', 'materials': {}, 'authorization_id': None, 'minutes_to_prepare': None, 'fields_corrected': None, 'created_at': '2026-07-20T06:58:02.395000', 'updated_at': '2026-07-20T06:58:02.395000'}]
    assert ([{'id': 'becc...b75d7f', ...}] == []
      
      Left contains 4 more items, first extra item: {'id': 'beccd1e2-193a-479a-8511-995d66aafb35', 'user_id': '4f65a5d8-9f24-474d-b8af-e87df30b598f', 'job_id': '00cef519-df4a-4902-a142-311b5280cb90', 'company_id': 'e3a90842-85b2-4e04-bf50-f016e1b75d7f', ...}
      
      Full diff:
      - []
      + [
      +     {...
      
      ...Full output truncated (88 lines hidden), use '-vv' to show or [{'id': 'beccd1e2-193a-479a-8511-995d66aafb35', 'user_id': '4f65a5d8-9f24-474d-b8af-e87df30b598f', 'job_id': '00cef519-df4a-4902-a142-311b5280cb90', 'company_id': 'e3a90842-85b2-4e04-bf50-f016e1b75d7f', ...}, {'id': '5b73dd9e-3983-444d-af31-69ab4f528c28', 'user_id': '4f65a5d8-9f24-474d-b8af-e87df30b598f', 'job_id': '184814d9-24cb-40c5-83c6-d57cb5a8e069', 'company_id': 'e3a90842-85b2-4e04-bf50-f016e1b75d7f', ...}, {'id': '7c6dc0df-befa-41d3-b4a2-89185e039dc2', 'user_id': '4f65a5d8-9f24-474d-b8af-e87df30b598f', 'job_id': '01e5b094-d882-4346-b4f5-5021f4860261', 'company_id': 'e3a90842-85b2-4e04-bf50-f016e1b75d7f', ...}, {'id': 'ab4d90e6-8901-48b6-bd7f-669c1e1e54a4', 'user_id': '4f65a5d8-9f24-474d-b8af-e87df30b598f', 'job_id': '98109a0a-0d0c-4912-bf5f-ade4e3c97acc', 'company_id': 'e3a90842-85b2-4e04-bf50-f016e1b75d7f', ...}] is None)</failure></testcase><testcase classname="tests.test_fixture_acceptance_b.TestUserZeroCleanup" name="test_user_zero_claims_still_present" time="0.045" /><testcase classname="tests.test_fixture_acceptance_b.TestImportsResolverLabel" name="test_import_returns_resolver_label" time="0.092" /><testcase classname="tests.test_fixture_acceptance_b.TestSampleCoIntegrity" name="test_all_15_sample_jobs_exist" time="0.048" /><testcase classname="tests.test_fixture_acceptance_b.TestSampleCoIntegrity" name="test_sample_13_gates_shape_itar_fail_location_pass" time="0.098" /><testcase classname="tests.test_fixture_acceptance_b.TestSampleCoIntegrity" name="test_sample_09_gates_itar_fail_location_pass" time="0.096" /><testcase classname="tests.test_fixture_acceptance_b.TestZZCleanup" name="test_close_shortlisted_application" time="0.085" /></testsuite></testsuites>