<?xml version="1.0" encoding="utf-8"?><testsuites name="pytest tests"><testsuite name="pytest" errors="0" failures="0" skipped="0" tests="24" time="3.204" timestamp="2026-07-20T07:13:22.955991+00:00" hostname="agent-env-af7cc636-8506-4548-af82-a1a50aae0158"><testcase classname="tests.test_fixture_acceptance_b.TestFixtureLogin" name="test_fixture_login_returns_access_token" time="0.368" /><testcase classname="tests.test_fixture_acceptance_b.TestFixtureRebaseline" name="test_applications_empty_on_start" time="0.361" /><testcase classname="tests.test_fixture_acceptance_b.TestFixtureRebaseline" name="test_usage_meter_starts_at_zero" time="0.045" /><testcase classname="tests.test_fixture_acceptance_b.TestFixtureRebaseline" name="test_preferences_are_seeded" time="0.045" /><testcase classname="tests.test_fixture_acceptance_b.TestFixtureRebaseline" name="test_eligibility_is_seeded" time="0.045" /><testcase classname="tests.test_fixture_acceptance_b.TestFixtureRebaseline" name="test_claims_all_approved_covering_core" time="0.044" /><testcase classname="tests.test_fixture_acceptance_b.TestAcceptanceGeometry" name="test_feed_weights_and_totals_exact" time="0.068" /><testcase classname="tests.test_fixture_acceptance_b.TestAcceptanceGeometry" name="test_feed_fail_reason_counts_exact" time="0.000" /><testcase classname="tests.test_fixture_acceptance_b.TestAcceptanceGeometry" name="test_coverage_preview_parity" time="0.051" /><testcase classname="tests.test_fixture_acceptance_b.TestPassingJobsDetail" name="test_passing_jobs_have_score_and_top_reasons" time="0.000" /><testcase classname="tests.test_fixture_acceptance_b.TestMatchModal" name="test_match_modal_full_shape" time="0.044" /><testcase classname="tests.test_fixture_acceptance_b.TestShortlistFlow" name="test_01_shortlist_happy_path" time="0.794" /><testcase classname="tests.test_fixture_acceptance_b.TestShortlistFlow" name="test_02_shortlist_duplicate_409" time="0.087" /><testcase classname="tests.test_fixture_acceptance_b.TestShortlistFlow" name="test_03_shortlist_idempotency_replay" time="0.086" /><testcase classname="tests.test_fixture_acceptance_b.TestHideFlow" name="test_hide_removes_from_feed_and_shortlist_shows_in_excluded" time="0.098" /><testcase classname="tests.test_fixture_acceptance_b.TestStateTransition" name="test_atomic_transition_and_precondition_failed" time="0.092" /><testcase classname="tests.test_fixture_acceptance_b.TestUserZeroCleanup" name="test_user_zero_prefs_and_eligibility_wiped" time="0.397" /><testcase classname="tests.test_fixture_acceptance_b.TestUserZeroCleanup" name="test_user_zero_applications_empty" time="0.039" /><testcase classname="tests.test_fixture_acceptance_b.TestUserZeroCleanup" name="test_user_zero_claims_still_present" time="0.041" /><testcase classname="tests.test_fixture_acceptance_b.TestImportsResolverLabel" name="test_import_returns_resolver_label" time="0.091" /><testcase classname="tests.test_fixture_acceptance_b.TestSampleCoIntegrity" name="test_all_15_sample_jobs_exist" time="0.054" /><testcase classname="tests.test_fixture_acceptance_b.TestSampleCoIntegrity" name="test_sample_13_gates_shape_itar_fail_location_pass" time="0.105" /><testcase classname="tests.test_fixture_acceptance_b.TestSampleCoIntegrity" name="test_sample_09_gates_itar_fail_location_pass" time="0.098" /><testcase classname="tests.test_fixture_acceptance_b.TestZZCleanup" name="test_close_shortlisted_application" time="0.088" /></testsuite></testsuites>