<?xml version="1.0" encoding="utf-8"?><testsuites name="pytest tests"><testsuite name="pytest" errors="0" failures="0" skipped="0" tests="182" time="166.443" timestamp="2026-07-20T20:39:59.103402+00:00" hostname="agent-env-af7cc636-8506-4548-af82-a1a50aae0158"><testcase classname="tests.test_fixture_acceptance_b.TestFixtureLogin" name="test_fixture_login_returns_access_token" time="0.476" /><testcase classname="tests.test_fixture_acceptance_b.TestFixtureRebaseline" name="test_applications_empty_on_start" time="0.378" /><testcase classname="tests.test_fixture_acceptance_b.TestFixtureRebaseline" name="test_usage_meter_starts_at_zero" time="0.054" /><testcase classname="tests.test_fixture_acceptance_b.TestFixtureRebaseline" name="test_preferences_are_seeded" time="0.056" /><testcase classname="tests.test_fixture_acceptance_b.TestFixtureRebaseline" name="test_eligibility_is_seeded" time="0.062" /><testcase classname="tests.test_fixture_acceptance_b.TestFixtureRebaseline" name="test_claims_all_approved_covering_core" time="0.054" /><testcase classname="tests.test_fixture_acceptance_b.TestAcceptanceGeometry" name="test_feed_weights_and_totals_exact" time="0.065" /><testcase classname="tests.test_fixture_acceptance_b.TestAcceptanceGeometry" name="test_feed_fail_reason_counts_exact" time="0.000" /><testcase classname="tests.test_fixture_acceptance_b.TestAcceptanceGeometry" name="test_coverage_preview_parity" time="0.054" /><testcase classname="tests.test_fixture_acceptance_b.TestPassingJobsDetail" name="test_passing_jobs_have_score_and_top_reasons" time="0.000" /><testcase classname="tests.test_fixture_acceptance_b.TestMatchModal" name="test_match_modal_full_shape" time="0.050" /><testcase classname="tests.test_fixture_acceptance_b.TestShortlistFlow" name="test_01_shortlist_happy_path" time="0.807" /><testcase classname="tests.test_fixture_acceptance_b.TestShortlistFlow" name="test_02_shortlist_duplicate_409" time="0.143" /><testcase classname="tests.test_fixture_acceptance_b.TestShortlistFlow" name="test_03_shortlist_idempotency_replay" time="0.109" /><testcase classname="tests.test_fixture_acceptance_b.TestHideFlow" name="test_hide_removes_from_feed_and_shortlist_shows_in_excluded" time="0.122" /><testcase classname="tests.test_fixture_acceptance_b.TestStateTransition" name="test_atomic_transition_and_precondition_failed" time="0.099" /><testcase classname="tests.test_fixture_acceptance_b.TestUserZeroCleanup" name="test_user_zero_prefs_and_eligibility_wiped" time="0.450" /><testcase classname="tests.test_fixture_acceptance_b.TestUserZeroCleanup" name="test_user_zero_applications_empty" time="0.055" /><testcase classname="tests.test_fixture_acceptance_b.TestUserZeroCleanup" name="test_user_zero_claims_still_present" time="0.062" /><testcase classname="tests.test_fixture_acceptance_b.TestImportsResolverLabel" name="test_import_returns_resolver_label" time="0.114" /><testcase classname="tests.test_fixture_acceptance_b.TestSampleCoIntegrity" name="test_all_15_sample_jobs_exist" time="0.223" /><testcase classname="tests.test_fixture_acceptance_b.TestSampleCoIntegrity" name="test_sample_13_gates_shape_itar_fail_location_pass" time="0.248" /><testcase classname="tests.test_fixture_acceptance_b.TestSampleCoIntegrity" name="test_sample_09_gates_itar_fail_location_pass" time="0.246" /><testcase classname="tests.test_fixture_acceptance_b.TestZZCleanup" name="test_close_shortlisted_application" time="0.056" /><testcase classname="tests.test_gate_engine" name="test_gate_engine_enumerates_14_gates_by_exact_name" time="0.001" /><testcase classname="tests.test_gate_engine" name="test_authorization_scope_gate_passes_but_is_declared" time="0.000" /><testcase classname="tests.test_gate_engine" name="test_itar_gate_fails_for_non_us_person" time="0.000" /><testcase classname="tests.test_gate_engine" name="test_sponsorship_gate_fails_when_needed_but_not_offered" time="0.000" /><testcase classname="tests.test_gate_engine" name="test_duplicate_gate_fails_when_open_app_exists" time="0.000" /><testcase classname="tests.test_gate_engine" name="test_scoring_weights_sum_to_100_and_version_is_v01" time="0.000" /><testcase classname="tests.test_gate_engine" name="test_scoring_renormalizes_unknowns_and_gate_fail_caps_score" time="0.000" /><testcase classname="tests.test_gate_engine" name="test_scoring_positive_path_when_all_pass" time="0.001" /><testcase classname="tests.test_gate_engine" name="test_gate_engine_never_uses_zip_or_age" time="0.005" /><testcase classname="tests.test_indexes" name="test_unique_canonical_key_blocks_duplicate_ingest" time="0.063" /><testcase classname="tests.test_indexes" name="test_unique_submission_receipt_blocks_duplicate" time="0.060" /><testcase classname="tests.test_indexes" name="test_unique_usage_meter_per_period" time="0.059" /><testcase classname="tests.test_indexes" name="test_unique_open_application_partial_index_allows_closed" time="0.062" /><testcase classname="tests.test_phase3_integration" name="test_health_phase3_and_mongo" time="0.227" /><testcase classname="tests.test_phase3_integration" name="test_openapi_exposes_all_phase3_paths" time="0.139" /><testcase classname="tests.test_phase3_integration" name="test_internal_ingest_missing_token_returns_401" time="0.103" /><testcase classname="tests.test_phase3_integration" name="test_internal_ingest_wrong_token_returns_403" time="0.109" /><testcase classname="tests.test_phase3_integration" name="test_internal_ingest_503_code_path_exists" time="0.000" /><testcase classname="tests.test_phase3_integration" name="test_internal_ingest_response_never_echoes_token" time="0.106" /><testcase classname="tests.test_phase3_integration" name="test_internal_ingest_accept_then_update_then_direct_dup" time="0.264" /><testcase classname="tests.test_phase3_integration" name="test_fresh_signup_feed_returns_passport_not_activated" time="0.920" /><testcase classname="tests.test_phase3_integration" name="test_feed_returns_expected_structure_for_activated_user" time="0.572" /><testcase classname="tests.test_phase3_integration" name="test_job_detail_enumerates_14_gates_in_exact_order" time="0.111" /><testcase classname="tests.test_phase3_integration" name="test_authorization_scope_gate_always_pass_with_phase3_detail" time="0.116" /><testcase classname="tests.test_phase3_integration" name="test_gate_parity_between_coverage_preview_and_feed" time="0.364" /><testcase classname="tests.test_phase3_integration" name="test_import_aggregator_hosts_return_409[https://www.linkedin.com/jobs/view/12345-linkedin.com]" time="0.103" /><testcase classname="tests.test_phase3_integration" name="test_import_aggregator_hosts_return_409[https://www.indeed.com/viewjob?jk=xxx-indeed.com]" time="0.130" /><testcase classname="tests.test_phase3_integration" name="test_import_aggregator_hosts_return_409[https://joinhandshake.com/jobs/12345-joinhandshake.com]" time="0.612" /><testcase classname="tests.test_phase3_integration" name="test_import_real_employer_url_returns_201_derived" time="0.098" /><testcase classname="tests.test_phase3_integration" name="test_consent_gate_on_feed_and_import" time="0.569" /><testcase classname="tests.test_phase3_integration" name="test_shortlist_and_duplicate_returns_409" time="0.381" /><testcase classname="tests.test_phase3_integration" name="test_atomic_state_transitions_ok_conflict_and_invalid" time="0.565" /><testcase classname="tests.test_phase3_integration" name="test_match_score_and_feedback" time="0.789" /><testcase classname="tests.test_phase3_integration" name="test_usage_meter_increments_only_for_new_scores" time="0.494" /><testcase classname="tests.test_phase3_integration" name="test_idempotency_replay_on_shortlist" time="0.359" /><testcase classname="tests.test_phase3_integration" name="test_idempotency_replay_on_state_transition" time="0.430" /><testcase classname="tests.test_phase3_integration" name="test_sample_seed_integrity" time="0.001" /><testcase classname="tests.test_phase3_integration" name="test_feed_sample_rows_are_flagged" time="0.128" /><testcase classname="tests.test_phase3_integration" name="test_applications_list_returns_all_rows" time="0.103" /><testcase classname="tests.test_phase3_integration" name="test_llm_cost_service_passes_user_id" time="0.000" /><testcase classname="tests.test_phase3_integration" name="test_llm_cost_row_shape_if_present" time="0.001" /><testcase classname="tests.test_phase3_integration" name="test_submission_receipts_service_has_no_update_or_delete" time="0.001" /><testcase classname="tests.test_phase4_e2e" name="test_feed_geometry_9_6" time="0.525" /><testcase classname="tests.test_phase4_e2e" name="test_prepare_grounded_lines" time="6.239" /><testcase classname="tests.test_phase4_e2e" name="test_pmp_bait_refusal" time="5.268" /><testcase classname="tests.test_phase4_e2e" name="test_ready_for_approval_gate" time="0.066" /><testcase classname="tests.test_phase4_e2e" name="test_demographic_answer_400" time="0.160" /><testcase classname="tests.test_phase4_e2e" name="test_sensitive_generate_400" time="0.134" /><testcase classname="tests.test_phase4_e2e" name="test_answer_sensitive_and_ready_for_approval" time="0.243" /><testcase classname="tests.test_phase4_e2e" name="test_pdf_docx_export" time="0.150" /><testcase classname="tests.test_phase4_e2e" name="test_consent_gate_on_prepare" time="1.103" /><testcase classname="tests.test_phase5_e2e" name="test_full_check_e_happy_path" time="8.242" /><testcase classname="tests.test_phase5_e2e" name="test_duplicate_receipt_blocks_second_submission" time="8.486" /><testcase classname="tests.test_phase5_e2e" name="test_authorization_expired_blocks_submit" time="8.171" /><testcase classname="tests.test_phase5_e2e" name="test_authorization_revoked_blocks_submit" time="9.550" /><testcase classname="tests.test_phase5_e2e" name="test_materials_changed_blocks_submit" time="9.476" /><testcase classname="tests.test_phase5_e2e" name="test_daily_cap_blocks_over_limit" time="8.195" /><testcase classname="tests.test_phase5_e2e" name="test_tracker_outcomes_and_qi" time="9.325" /><testcase classname="tests.test_phase5_e2e" name="test_schedule_interview_from_illegal_state_rejects_transition_but_persists_row" time="8.977" /><testcase classname="tests.test_phase5_e2e" name="test_inbound_webhook_token_and_idempotency" time="9.532" /><testcase classname="tests.test_phase5_e2e" name="test_analytics_funnel" time="8.541" /><testcase classname="tests.test_phase5_e2e" name="test_track_applications_consent_gate" time="0.661" /><testcase classname="tests.test_phase5_e2e" name="test_duplicate_submit_returns_409_with_parseable_prior_receipt" time="8.035" /><testcase classname="tests.test_phase6_acceptance.TestStartup" name="test_health" time="0.105" /><testcase classname="tests.test_phase6_acceptance.TestAuthHardening" name="test_login_sets_cookies" time="0.342" /><testcase classname="tests.test_phase6_acceptance.TestAuthHardening" name="test_admin_login_samesite_strict" time="0.349" /><testcase classname="tests.test_phase6_acceptance.TestAuthHardening" name="test_me_with_cookies_only" time="0.402" /><testcase classname="tests.test_phase6_acceptance.TestAuthHardening" name="test_csrf_missing_header_returns_403" time="0.452" /><testcase classname="tests.test_phase6_acceptance.TestAuthHardening" name="test_csrf_with_matching_header_bypasses" time="0.453" /><testcase classname="tests.test_phase6_acceptance.TestAuthHardening" name="test_bearer_bypasses_csrf" time="0.588" /><testcase classname="tests.test_phase6_acceptance.TestAuthHardening" name="test_logout_revokes_session" time="0.446" /><testcase classname="tests.test_phase6_acceptance.TestAdminConsole" name="test_admin_users_list" time="0.455" /><testcase classname="tests.test_phase6_acceptance.TestAdminConsole" name="test_admin_user_detail_writes_audit" time="0.228" /><testcase classname="tests.test_phase6_acceptance.TestAdminConsole" name="test_admin_user_detail_never_leaks_password_hash" time="0.725" /><testcase classname="tests.test_phase6_acceptance.TestAdminConsole" name="test_admin_user_detail_masks_sealed_data" time="0.344" /><testcase classname="tests.test_phase6_acceptance.TestAdminConsole" name="test_admin_health_shape" time="0.115" /><testcase classname="tests.test_phase6_acceptance.TestSupportReadOnly" name="test_support_can_read_admin" time="0.107" /><testcase classname="tests.test_phase6_acceptance.TestSupportReadOnly" name="test_support_cannot_refund" time="0.113" /><testcase classname="tests.test_phase6_acceptance.TestSupportReadOnly" name="test_support_cannot_toggle_flag" time="0.102" /><testcase classname="tests.test_phase6_acceptance.TestSupportReadOnly" name="test_support_cannot_resolve_queue" time="0.112" /><testcase classname="tests.test_phase6_acceptance.TestSupportReadOnly" name="test_support_can_reply_ticket" time="0.219" /><testcase classname="tests.test_phase6_acceptance.TestAdminRefund" name="test_invalid_reason_400" time="0.138" /><testcase classname="tests.test_phase6_acceptance.TestAdminRefund" name="test_valid_refund_writes_audit" time="0.106" /><testcase classname="tests.test_phase6_acceptance.TestFeatureFlag" name="test_toggle_off_then_on" time="0.210" /><testcase classname="tests.test_phase6_acceptance.TestManualQueue" name="test_seed_and_resolve" time="0.115" /><testcase classname="tests.test_phase6_acceptance.TestBilling" name="test_catalog" time="0.106" /><testcase classname="tests.test_phase6_acceptance.TestBilling" name="test_usage_me" time="0.106" /><testcase classname="tests.test_phase6_acceptance.TestBilling" name="test_coupon_apply" time="0.107" /><testcase classname="tests.test_phase6_acceptance.TestBilling" name="test_checkout" time="0.507" /><testcase classname="tests.test_phase6_acceptance.TestPrivacy" name="test_consents_shape" time="0.125" /><testcase classname="tests.test_phase6_acceptance.TestPrivacy" name="test_export_flow" time="0.456" /><testcase classname="tests.test_phase6_acceptance.TestPrivacy" name="test_soft_delete_and_login_block" time="0.804" /><testcase classname="tests.test_phase6_acceptance.TestGates" name="test_feed_geometry_and_gates" time="0.284" /><testcase classname="tests.test_phase6_acceptance.TestReceiptsUnique" name="test_unique_index_exists" time="0.001" /><testcase classname="tests.test_phase6_acceptance.TestReceiptsUnique" name="test_concurrent_duplicate_insert" time="0.002" /><testcase classname="tests.test_phase6_acceptance.TestLinkImport" name="test_blocklist_returns_409[https://linkedin.com/jobs/view/xyz]" time="0.107" /><testcase classname="tests.test_phase6_acceptance.TestLinkImport" name="test_blocklist_returns_409[https://www.indeed.com/viewjob?jk=abc]" time="0.106" /><testcase classname="tests.test_phase6_acceptance.TestLinkImport" name="test_blocklist_returns_409[https://joinhandshake.com/jobs/12345]" time="0.116" /><testcase classname="tests.test_phase6_acceptance.TestSampleExclusion" name="test_funnel_totals_vs_sample" time="0.112" /><testcase classname="tests.test_receipts_immutability" name="test_receipt_module_exposes_no_mutation_functions" time="0.001" /><testcase classname="tests.test_receipts_immutability" name="test_duplicate_receipt_raises_by_unique_index" time="0.003" /><testcase classname="tests.test_receipts_immutability" name="test_supersedes_chain_keeps_original_row" time="0.007" /><testcase classname="tests.test_round2_e2e_verification" name="test_p0_1_rebase_auth_semantics" time="0.351" /><testcase classname="tests.test_round2_e2e_verification" name="test_p0_1_rebase_wipes_state" time="1.710" /><testcase classname="tests.test_round2_e2e_verification" name="test_p0_2_parity_clean_baseline" time="0.729" /><testcase classname="tests.test_round2_e2e_verification" name="test_p0_2_parity_after_mutations" time="1.095" /><testcase classname="tests.test_round2_e2e_verification" name="test_p0_3_weight_ideal_sum_100" time="0.670" /><testcase classname="tests.test_round2_e2e_verification" name="test_p1_4_feedback_round_trip" time="1.137" /><testcase classname="tests.test_round2_e2e_verification" name="test_user_zero_stays_pristine" time="0.664" /><testcase classname="tests.test_round2_parity_rebase_feedback" name="test_rebase_missing_token_401" time="0.212" /><testcase classname="tests.test_round2_parity_rebase_feedback" name="test_rebase_wrong_token_403" time="0.112" /><testcase classname="tests.test_round2_parity_rebase_feedback" name="test_rebase_correct_token_200_and_never_echoes_secret" time="0.111" /><testcase classname="tests.test_round2_parity_rebase_feedback" name="test_parity_clean_baseline" time="0.724" /><testcase classname="tests.test_round2_parity_rebase_feedback" name="test_parity_after_mutations" time="1.066" /><testcase classname="tests.test_round2_parity_rebase_feedback" name="test_feedback_round_trip_visible_on_get" time="1.173" /><testcase classname="tests.test_security_invariants.TestNoCredentialLeaksInAdminReads" name="test_admin_read_no_credential_leak[/api/v1/admin/users]" time="0.949" /><testcase classname="tests.test_security_invariants.TestNoCredentialLeaksInAdminReads" name="test_admin_read_no_credential_leak[/api/v1/admin/users?q=fixture]" time="0.226" /><testcase classname="tests.test_security_invariants.TestNoCredentialLeaksInAdminReads" name="test_admin_read_no_credential_leak[/api/v1/admin/subscriptions]" time="0.226" /><testcase classname="tests.test_security_invariants.TestNoCredentialLeaksInAdminReads" name="test_admin_read_no_credential_leak[/api/v1/admin/manual-queue]" time="0.194" /><testcase classname="tests.test_security_invariants.TestNoCredentialLeaksInAdminReads" name="test_admin_read_no_credential_leak[/api/v1/admin/flags]" time="0.197" /><testcase classname="tests.test_security_invariants.TestNoCredentialLeaksInAdminReads" name="test_admin_read_no_credential_leak[/api/v1/admin/support-tickets]" time="0.227" /><testcase classname="tests.test_security_invariants.TestNoCredentialLeaksInAdminReads" name="test_admin_read_no_credential_leak[/api/v1/admin/health]" time="0.221" /><testcase classname="tests.test_security_invariants.TestNoCredentialLeaksInAdminReads" name="test_admin_read_no_credential_leak[/api/v1/admin/observability/events]" time="0.217" /><testcase classname="tests.test_security_invariants.TestNoCredentialLeaksInAdminReads" name="test_admin_read_no_credential_leak[/api/v1/admin/observability/errors]" time="0.223" /><testcase classname="tests.test_security_invariants.TestNoCredentialLeaksInUserReads" name="test_user_read_no_credential_leak[/api/v1/auth/me]" time="15.474" /><testcase classname="tests.test_security_invariants.TestNoCredentialLeaksInUserReads" name="test_user_read_no_credential_leak[/api/v1/subscriptions/me]" time="0.156" /><testcase classname="tests.test_security_invariants.TestNoCredentialLeaksInUserReads" name="test_user_read_no_credential_leak[/api/v1/usage/me]" time="0.124" /><testcase classname="tests.test_security_invariants.TestNoCredentialLeaksInUserReads" name="test_user_read_no_credential_leak[/api/v1/preferences/me]" time="0.095" /><testcase classname="tests.test_security_invariants.TestNoCredentialLeaksInUserReads" name="test_user_read_no_credential_leak[/api/v1/privacy/consents]" time="0.134" /><testcase classname="tests.test_security_invariants.TestNoCredentialLeaksInUserReads" name="test_user_read_no_credential_leak[/api/v1/privacy/release-log]" time="0.099" /><testcase classname="tests.test_security_invariants.TestAdminUserDetailDeepScan" name="test_user_detail_no_leaks[admin]" time="0.224" /><testcase classname="tests.test_security_invariants.TestAdminUserDetailDeepScan" name="test_user_detail_no_leaks[support]" time="0.232" /><testcase classname="tests.test_security_invariants.TestSensitivityRegistry" name="test_admin_service_lists_all_known_credential_fields" time="0.000" /><testcase classname="tests.test_security_invariants.TestPrivacyExportDoesNotLeakCredentials" name="test_export_bundle_has_no_password_hash" time="0.406" /><testcase classname="tests.test_security_invariants.TestSiblingSessionRevocationOnPasswordChange" name="test_password_change_kills_sibling_sessions" time="1.417" /><testcase classname="tests.test_security_invariants.TestIdempotencyIsUserScopedOnCookiePath" name="test_two_cookie_sessions_do_not_cross_pollinate" time="0.941" /><testcase classname="tests.test_security_invariants.TestAccessTokenInBodyFlagBehaviour" name="test_live_login_body_shape_reflects_flag" time="0.335" /><testcase classname="tests.test_security_invariants.TestAccessTokenInBodyFlagBehaviour" name="test_helper_returns_empty_when_flag_off" time="0.224" /><testcase classname="tests.test_security_invariants.TestPublicHealthDoesNotLeakDeployFlags" name="test_public_health_scrubbed" time="0.126" /><testcase classname="tests.test_security_invariants.TestPublicHealthDoesNotLeakDeployFlags" name="test_admin_health_exposes_flags" time="0.123" /><testcase classname="tests.test_security_invariants.TestLoginThrottle" name="test_login_throttle_kicks_in" time="1.359" /><testcase classname="tests.test_security_invariants.TestSensitiveRegistryStillIntact" name="test_admin_sanitizer_lists_new_credential_fields" time="0.001" /><testcase classname="tests.test_validator.TestValidator" name="test_empty_claim_ids_rejected" time="0.000" /><testcase classname="tests.test_validator.TestValidator" name="test_unapproved_claim_id_rejected" time="0.000" /><testcase classname="tests.test_validator.TestValidator" name="test_number_mismatch_rejected" time="0.000" /><testcase classname="tests.test_validator.TestValidator" name="test_date_mismatch_rejected" time="0.000" /><testcase classname="tests.test_validator.TestValidator" name="test_date_match_allowed" time="0.000" /><testcase classname="tests.test_validator.TestValidator" name="test_sensitive_leak_blocks_sealed_value_in_text" time="0.000" /><testcase classname="tests.test_validator.TestValidator" name="test_sensitive_leak_permitted_with_per_app_approval" time="0.000" /><testcase classname="tests.test_validator.TestValidator" name="test_passing_line_normalizes_correctly" time="0.000" /><testcase classname="tests.test_validator.TestValidator" name="test_malformed_line_rejected" time="0.000" /><testcase classname="tests.test_validator.TestValidator" name="test_year_range_hyphen_passes" time="0.000" /><testcase classname="tests.test_validator.TestValidator" name="test_120_vs_80_rejects_ungrounded_metric" time="0.000" /><testcase classname="tests.test_validator.TestValidator" name="test_sealed_ead_opt_leaf_leak_rejects" time="0.000" /><testcase classname="tests.test_validator.TestRefusal" name="test_pmp_bait_refuses" time="0.001" /><testcase classname="tests.test_validator.TestRefusal" name="test_stanford_phd_refuses" time="0.000" /><testcase classname="tests.test_validator.TestRefusal" name="test_matlab_experience_is_allowed" time="0.000" /><testcase classname="tests.test_validator.TestRefusal" name="test_empty_instruction_returns_none" time="0.000" /></testsuite></testsuites>