<?xml version="1.0" encoding="utf-8"?><testsuites name="pytest tests"><testsuite name="pytest" errors="0" failures="0" skipped="0" tests="22" time="4.153" timestamp="2026-07-21T08:09:01.334189+00:00" hostname="agent-env-af7cc636-8506-4548-af82-a1a50aae0158"><testcase classname="tests.test_iteration14_advisory_fix.TestAdvisoryFixWebhookSemantics" name="test_resend_webhook_returns_503_secret_not_configured" time="0.153" /><testcase classname="tests.test_iteration14_advisory_fix.TestAdvisoryFixWebhookSemantics" name="test_sendgrid_webhook_returns_503_public_key_not_configured" time="0.106" /><testcase classname="tests.test_iteration14_advisory_fix.TestAdvisoryFixWebhookSemantics" name="test_stripe_webhook_returns_503_secret_not_configured" time="0.097" /><testcase classname="tests.test_iteration14_advisory_fix.TestAdvisoryFixWebhookSemantics" name="test_razorpay_webhook_returns_503_secret_not_configured" time="0.101" /><testcase classname="tests.test_iteration14_advisory_fix.TestAdvisoryFixWebhookSemantics" name="test_paystack_webhook_returns_503_secret_not_configured" time="0.094" /><testcase classname="tests.test_iteration14_advisory_fix.TestAdvisoryFixWebhookSemantics" name="test_paypal_webhook_returns_503_webhook_id_not_configured" time="0.097" /><testcase classname="tests.test_iteration14_advisory_fix.TestAdvisoryFixWebhookSemantics" name="test_unknown_email_provider_returns_404" time="0.383" /><testcase classname="tests.test_iteration14_advisory_fix.TestAdvisoryFixWebhookSemantics" name="test_unknown_payment_provider_returns_404" time="0.095" /><testcase classname="tests.test_iteration14_advisory_fix.TestAdvisoryFixWebhookSemantics" name="test_webhook_routes_never_500_or_2xx[/api/webhook/email/resend-headers0]" time="0.098" /><testcase classname="tests.test_iteration14_advisory_fix.TestAdvisoryFixWebhookSemantics" name="test_webhook_routes_never_500_or_2xx[/api/webhook/email/sendgrid-headers1]" time="0.094" /><testcase classname="tests.test_iteration14_advisory_fix.TestAdvisoryFixWebhookSemantics" name="test_webhook_routes_never_500_or_2xx[/api/webhook/payment/stripe-headers2]" time="0.099" /><testcase classname="tests.test_iteration14_advisory_fix.TestAdvisoryFixWebhookSemantics" name="test_webhook_routes_never_500_or_2xx[/api/webhook/payment/razorpay-headers3]" time="0.093" /><testcase classname="tests.test_iteration14_advisory_fix.TestAdvisoryFixWebhookSemantics" name="test_webhook_routes_never_500_or_2xx[/api/webhook/payment/paystack-headers4]" time="0.088" /><testcase classname="tests.test_iteration14_advisory_fix.TestAdvisoryFixWebhookSemantics" name="test_webhook_routes_never_500_or_2xx[/api/webhook/payment/paypal-headers5]" time="0.101" /><testcase classname="tests.test_iteration14_advisory_fix.TestAdminIntegrationsSurface" name="test_admin_integrations_list_returns_14_providers" time="0.420" /><testcase classname="tests.test_iteration14_advisory_fix.TestAdminIntegrationsSurface" name="test_admin_integrations_status_matrix" time="0.093" /><testcase classname="tests.test_iteration14_advisory_fix.TestSupportRBAC" name="test_support_can_read_integrations" time="0.424" /><testcase classname="tests.test_iteration14_advisory_fix.TestSupportRBAC" name="test_support_cannot_test_stripe" time="0.093" /><testcase classname="tests.test_iteration14_advisory_fix.TestSupportRBAC" name="test_support_cannot_disable_stripe" time="0.101" /><testcase classname="tests.test_iteration14_advisory_fix.TestRegressionSmoke" name="test_fixture_login_and_me" time="0.476" /><testcase classname="tests.test_iteration14_advisory_fix.TestRegressionSmoke" name="test_billing_checkout_returns_200" time="0.536" /><testcase classname="tests.test_iteration14_advisory_fix.TestRegressionSmoke" name="test_privacy_export_masks_password_hash" time="0.258" /></testsuite></testsuites>