<?xml version="1.0" encoding="utf-8"?><testsuites name="pytest tests"><testsuite name="pytest" errors="0" failures="0" skipped="0" tests="14" time="2.529" timestamp="2026-07-27T10:33:06.219789+00:00" hostname="agent-env-af7cc636-8506-4548-af82-a1a50aae0158"><testcase classname="tests.test_phase3_integration_live.TestFeed" name="test_feed_shape_and_degree_blind" time="1.033" /><testcase classname="tests.test_phase3_integration_live.TestFeed" name="test_feed_lane_income_now" time="0.053" /><testcase classname="tests.test_phase3_integration_live.TestFeed" name="test_feed_lane_career" time="0.091" /><testcase classname="tests.test_phase3_integration_live.TestFeed" name="test_feed_sort_velocity" time="0.071" /><testcase classname="tests.test_phase3_integration_live.TestFeed" name="test_feed_sort_nearest" time="0.099" /><testcase classname="tests.test_phase3_integration_live.TestJobDetail" name="test_job_detail_shape_and_gates" time="0.113" /><testcase classname="tests.test_phase3_integration_live.TestEmployerCap" name="test_shortlist_3_sampleco_then_4th_429" time="0.314" /><testcase classname="tests.test_phase3_integration_live" name="test_supply_reality" time="0.050" /><testcase classname="tests.test_phase3_integration_live.TestCredentials" name="test_catalog" time="0.045" /><testcase classname="tests.test_phase3_integration_live.TestCredentials" name="test_by_id_cdl" time="0.045" /><testcase classname="tests.test_phase3_integration_live.TestCredentials" name="test_by_id_404" time="0.045" /><testcase classname="tests.test_phase3_integration_live.TestWalkins" name="test_create_and_list" time="0.096" /><testcase classname="tests.test_phase3_integration_live.TestWalkins" name="test_rate_limit_6th_returns_429" time="0.231" /><testcase classname="tests.test_phase3_integration_live.TestPersonas" name="test_create_list_patch_and_bad_claim" time="0.218" /></testsuite></testsuites>