<?xml version="1.0" encoding="utf-8"?><testsuites name="pytest tests"><testsuite name="pytest" errors="0" failures="0" skipped="0" tests="3" time="3.641" timestamp="2026-07-22T18:59:06.079361+00:00" hostname="agent-env-af7cc636-8506-4548-af82-a1a50aae0158"><testcase classname="tests.test_deploy_readiness_prod_mode_seed_guard" name="test_prod_mode_seed_skips_fixture_accounts" time="0.060" /><testcase classname="tests.test_deploy_readiness_prod_mode_seed_guard" name="test_preview_mode_seed_creates_full_fixture" time="3.242" /><testcase classname="tests.test_deploy_readiness_prod_mode_seed_guard" name="test_fixture_rebase_endpoint_disabled_in_prod_mode" time="0.002" /></testsuite></testsuites>