<?xml version="1.0" encoding="utf-8"?><testsuites name="pytest tests"><testsuite name="pytest" errors="0" failures="1" skipped="0" tests="14" time="2.384" timestamp="2026-07-27T10:25:29.593226+00:00" hostname="agent-env-af7cc636-8506-4548-af82-a1a50aae0158"><testcase classname="tests.test_phase3_integration_live.TestFeed" name="test_feed_shape_and_degree_blind" time="0.730" /><testcase classname="tests.test_phase3_integration_live.TestFeed" name="test_feed_lane_income_now" time="0.055" /><testcase classname="tests.test_phase3_integration_live.TestFeed" name="test_feed_lane_career" time="0.072" /><testcase classname="tests.test_phase3_integration_live.TestFeed" name="test_feed_sort_velocity" time="0.087" /><testcase classname="tests.test_phase3_integration_live.TestFeed" name="test_feed_sort_nearest" time="0.187" /><testcase classname="tests.test_phase3_integration_live.TestJobDetail" name="test_job_detail_shape_and_gates" time="0.166" /><testcase classname="tests.test_phase3_integration_live.TestEmployerCap" name="test_shortlist_3_sampleco_then_4th_429" time="0.275" /><testcase classname="tests.test_phase3_integration_live" name="test_supply_reality" time="0.053" /><testcase classname="tests.test_phase3_integration_live.TestCredentials" name="test_catalog" time="0.047" /><testcase classname="tests.test_phase3_integration_live.TestCredentials" name="test_by_id_cdl" time="0.044" /><testcase classname="tests.test_phase3_integration_live.TestCredentials" name="test_by_id_404" time="0.046" /><testcase classname="tests.test_phase3_integration_live.TestWalkins" name="test_create_and_list" time="0.100" /><testcase classname="tests.test_phase3_integration_live.TestWalkins" name="test_rate_limit_6th_returns_429" time="0.308"><failure message="AssertionError: expected 429 in [500, 500, 500, 500, 500, 500]&#10;assert 429 in [500, 500, 500, 500, 500, 500]">E   AssertionError: expected 429 in [500, 500, 500, 500, 500, 500]
    assert 429 in [500, 500, 500, 500, 500, 500]</failure></testcase><testcase classname="tests.test_phase3_integration_live.TestPersonas" name="test_create_list_patch_and_bad_claim" time="0.189" /></testsuite></testsuites>