<?xml version="1.0" encoding="utf-8"?><testsuites name="pytest tests"><testsuite name="pytest" errors="0" failures="0" skipped="0" tests="29" time="5.695" timestamp="2026-07-21T07:40:18.696944+00:00" hostname="agent-env-af7cc636-8506-4548-af82-a1a50aae0158"><testcase classname="tests.test_iteration13_indep_verification.TestMilestoneB_Storage" name="test_admin_media_storage_status_ok" time="0.514" /><testcase classname="tests.test_iteration13_indep_verification.TestMilestoneB_Storage" name="test_admin_media_storage_test_connection" time="0.156" /><testcase classname="tests.test_iteration13_indep_verification.TestMilestoneB_Storage" name="test_document_upload_reaches_emergent_backend" time="0.801" /><testcase classname="tests.test_iteration13_indep_verification.TestMilestoneC_Email" name="test_resend_admin_detail_shape" time="0.104" /><testcase classname="tests.test_iteration13_indep_verification.TestMilestoneC_Email" name="test_sendgrid_admin_detail_shape" time="0.100" /><testcase classname="tests.test_iteration13_indep_verification.TestMilestoneC_Email" name="test_resend_webhook_hardfail_500_no_secret" time="0.102" /><testcase classname="tests.test_iteration13_indep_verification.TestMilestoneC_Email" name="test_sendgrid_webhook_hardfail_no_signature" time="0.103" /><testcase classname="tests.test_iteration13_indep_verification.TestMilestoneC_Email" name="test_unknown_email_provider_returns_404" time="0.099" /><testcase classname="tests.test_iteration13_indep_verification.TestMilestoneD_Twilio" name="test_twilio_admin_detail_configuration_required" time="0.108" /><testcase classname="tests.test_iteration13_indep_verification.TestMilestoneE_GoogleBackend" name="test_invalid_google_session_returns_401" time="0.177" /><testcase classname="tests.test_iteration13_indep_verification.TestMilestoneE_GoogleBackend" name="test_google_session_route_is_csrf_exempt" time="0.156" /><testcase classname="tests.test_iteration13_indep_verification.TestMilestoneE_GoogleBackend" name="test_complete_signup_unknown_pending_returns_404" time="0.096" /><testcase classname="tests.test_iteration13_indep_verification.TestMilestoneE_GoogleBackend" name="test_google_auth_provider_status" time="0.098" /><testcase classname="tests.test_iteration13_indep_verification.TestMilestoneF_Payments" name="test_stripe_admin_detail" time="0.097" /><testcase classname="tests.test_iteration13_indep_verification.TestMilestoneF_Payments" name="test_stripe_webhook_url_uses_preview_host" time="0.096" /><testcase classname="tests.test_iteration13_indep_verification.TestMilestoneF_Payments" name="test_razorpay_admin_detail_configuration_required" time="0.095" /><testcase classname="tests.test_iteration13_indep_verification.TestMilestoneF_Payments" name="test_stripe_webhook_hardfails_400_or_500" time="0.100" /><testcase classname="tests.test_iteration13_indep_verification.TestMilestoneF_Payments" name="test_razorpay_webhook_hardfail_500" time="0.098" /><testcase classname="tests.test_iteration13_indep_verification.TestMilestoneF_Payments" name="test_unknown_payment_provider_404" time="0.109" /><testcase classname="tests.test_iteration13_indep_verification.TestMilestoneG_AIGateway" name="test_openai_admin_detail_test_mode" time="0.096" /><testcase classname="tests.test_iteration13_indep_verification.TestMilestoneG_AIGateway" name="test_anthropic_admin_detail_test_mode" time="0.093" /><testcase classname="tests.test_iteration13_indep_verification.TestMilestoneG_AIGateway" name="test_gemini_admin_detail_test_mode" time="0.099" /><testcase classname="tests.test_iteration13_indep_verification.TestMilestoneH_ElevenLabs" name="test_elevenlabs_admin_detail" time="0.101" /><testcase classname="tests.test_iteration13_indep_verification.TestMilestoneH_ElevenLabs" name="test_elevenlabs_test_connection_reports_configuration_required" time="0.100" /><testcase classname="tests.test_iteration13_indep_verification.TestRegression" name="test_fixture_login_and_me" time="0.095" /><testcase classname="tests.test_iteration13_indep_verification.TestRegression" name="test_billing_checkout_returns_stripe_url" time="0.590" /><testcase classname="tests.test_iteration13_indep_verification.TestRegression" name="test_privacy_export_no_password_hash_leak" time="0.602" /><testcase classname="tests.test_iteration13_indep_verification.TestRegression" name="test_admin_user_detail_masks_sealed" time="0.219" /><testcase classname="tests.test_iteration13_indep_verification.TestRegression" name="test_support_cannot_write_integrations" time="0.424" /></testsuite></testsuites>