<?xml version="1.0" encoding="utf-8"?><testsuites name="pytest tests"><testsuite name="pytest" errors="0" failures="0" skipped="0" tests="19" time="3.490" timestamp="2026-07-21T08:19:00.011957+00:00" hostname="agent-env-af7cc636-8506-4548-af82-a1a50aae0158"><testcase classname="tests.test_iteration15_advisory_fix_hardened.TestAdvisoryFixHardened" name="test_1_email_resend_no_secret_returns_503" time="0.200" /><testcase classname="tests.test_iteration15_advisory_fix_hardened.TestAdvisoryFixHardened" name="test_2_email_sendgrid_no_key_returns_503" time="0.098" /><testcase classname="tests.test_iteration15_advisory_fix_hardened.TestAdvisoryFixHardened" name="test_3_payment_stripe_no_secret_returns_503" time="0.094" /><testcase classname="tests.test_iteration15_advisory_fix_hardened.TestAdvisoryFixHardened" name="test_4_payment_razorpay_no_secret_returns_503" time="0.099" /><testcase classname="tests.test_iteration15_advisory_fix_hardened.TestAdvisoryFixHardened" name="test_5_payment_paystack_no_secret_returns_503" time="0.093" /><testcase classname="tests.test_iteration15_advisory_fix_hardened.TestAdvisoryFixHardened" name="test_6_payment_paypal_no_id_returns_503" time="0.090" /><testcase classname="tests.test_iteration15_advisory_fix_hardened.TestAdvisoryFixHardened" name="test_7_unknown_email_provider_returns_404" time="0.095" /><testcase classname="tests.test_iteration15_advisory_fix_hardened.TestAdvisoryFixHardened" name="test_8_unknown_payment_provider_returns_404" time="0.097" /><testcase classname="tests.test_iteration15_advisory_fix_hardened.TestAdvisoryFixHardened" name="test_9_never_returns_500_or_2xx[/api/webhook/email/resend-None]" time="0.091" /><testcase classname="tests.test_iteration15_advisory_fix_hardened.TestAdvisoryFixHardened" name="test_9_never_returns_500_or_2xx[/api/webhook/email/sendgrid-None]" time="0.097" /><testcase classname="tests.test_iteration15_advisory_fix_hardened.TestAdvisoryFixHardened" name="test_9_never_returns_500_or_2xx[/api/webhook/payment/stripe-extra_headers2]" time="0.098" /><testcase classname="tests.test_iteration15_advisory_fix_hardened.TestAdvisoryFixHardened" name="test_9_never_returns_500_or_2xx[/api/webhook/payment/razorpay-extra_headers3]" time="0.095" /><testcase classname="tests.test_iteration15_advisory_fix_hardened.TestAdvisoryFixHardened" name="test_9_never_returns_500_or_2xx[/api/webhook/payment/paystack-extra_headers4]" time="0.100" /><testcase classname="tests.test_iteration15_advisory_fix_hardened.TestAdvisoryFixHardened" name="test_9_never_returns_500_or_2xx[/api/webhook/payment/paypal-None]" time="0.093" /><testcase classname="tests.test_iteration15_advisory_fix_hardened.TestSupportRBAC" name="test_support_cannot_test_stripe" time="0.427" /><testcase classname="tests.test_iteration15_advisory_fix_hardened.TestSupportRBAC" name="test_support_cannot_disable_stripe" time="0.097" /><testcase classname="tests.test_iteration15_advisory_fix_hardened.TestRegression" name="test_fixture_auth_me_200" time="0.423" /><testcase classname="tests.test_iteration15_advisory_fix_hardened.TestRegression" name="test_billing_checkout_200" time="0.635" /><testcase classname="tests.test_iteration15_advisory_fix_hardened.TestRegression" name="test_providers_count_and_status_matrix" time="0.417" /></testsuite></testsuites>