<?xml version="1.0" encoding="utf-8"?><testsuites name="pytest tests"><testsuite name="pytest" errors="0" failures="0" skipped="0" tests="8" time="0.319" timestamp="2026-07-22T10:58:44.055630+00:00" hostname="agent-env-af7cc636-8506-4548-af82-a1a50aae0158"><testcase classname="tests.test_code_review_fixes.TestRazorpayDedupKey" name="test_two_events_same_payment_distinct_keys" time="0.254" /><testcase classname="tests.test_code_review_fixes.TestRazorpayDedupKey" name="test_vendor_retry_of_same_event_collides" time="0.000" /><testcase classname="tests.test_code_review_fixes.TestRazorpayDedupKey" name="test_missing_component_falls_back_to_hash" time="0.000" /><testcase classname="tests.test_code_review_fixes.TestRazorpayDedupKey" name="test_stripe_and_paystack_extraction_still_correct" time="0.000" /><testcase classname="tests.test_code_review_fixes" name="test_payment_webhook_race_returns_duplicate_not_500" time="0.001" /><testcase classname="tests.test_code_review_fixes" name="test_email_webhook_race_returns_duplicate_not_500" time="0.002" /><testcase classname="tests.test_code_review_fixes.TestStatusMappingRefined" name="test_sendgrid_cryptography_missing_now_503" time="0.000" /><testcase classname="tests.test_code_review_fixes.TestStatusMappingRefined" name="test_paypal_verify_failed_upstream_now_503" time="0.000" /></testsuite></testsuites>