<?xml version="1.0" encoding="utf-8"?><testsuites name="pytest tests"><testsuite name="pytest" errors="0" failures="0" skipped="0" tests="28" time="4.125" timestamp="2026-07-22T10:58:49.665234+00:00" hostname="agent-env-af7cc636-8506-4548-af82-a1a50aae0158"><testcase classname="tests.test_milestone_h_webhooks.TestPaymentWebhookRoute" name="test_unknown_provider_returns_404" time="0.332" /><testcase classname="tests.test_milestone_h_webhooks.TestPaymentWebhookRoute" name="test_stripe_route_hard_fails_when_secret_unset" time="0.116" /><testcase classname="tests.test_milestone_h_webhooks.TestPaymentWebhookRoute" name="test_valid_stripe_signature_stores_and_dedupes" time="0.000" /><testcase classname="tests.test_milestone_h_webhooks.TestElevenLabs" name="test_configuration_required_without_key" time="0.000" /><testcase classname="tests.test_milestone_h_webhooks.TestElevenLabs" name="test_tts_hardfails_without_creds" time="0.001" /><testcase classname="tests.test_milestone_h_webhooks.TestExternalEventIdExtractor" name="test_stripe_style_id" time="0.244" /><testcase classname="tests.test_milestone_h_webhooks.TestExternalEventIdExtractor" name="test_razorpay_style_composite_key" time="0.000" /><testcase classname="tests.test_milestone_h_webhooks.TestExternalEventIdExtractor" name="test_paystack_style_data_id" time="0.000" /><testcase classname="tests.test_milestone_h_webhooks.TestExternalEventIdExtractor" name="test_unparseable_falls_back_to_hash" time="0.000" /><testcase classname="tests.test_iteration15_advisory_fix_hardened.TestAdvisoryFixHardened" name="test_1_email_resend_no_secret_returns_503" time="0.106" /><testcase classname="tests.test_iteration15_advisory_fix_hardened.TestAdvisoryFixHardened" name="test_2_email_sendgrid_no_key_returns_503" time="0.092" /><testcase classname="tests.test_iteration15_advisory_fix_hardened.TestAdvisoryFixHardened" name="test_3_payment_stripe_no_secret_returns_503" time="0.101" /><testcase classname="tests.test_iteration15_advisory_fix_hardened.TestAdvisoryFixHardened" name="test_4_payment_razorpay_no_secret_returns_503" time="0.089" /><testcase classname="tests.test_iteration15_advisory_fix_hardened.TestAdvisoryFixHardened" name="test_5_payment_paystack_no_secret_returns_503" time="0.109" /><testcase classname="tests.test_iteration15_advisory_fix_hardened.TestAdvisoryFixHardened" name="test_6_payment_paypal_no_id_returns_503" time="0.103" /><testcase classname="tests.test_iteration15_advisory_fix_hardened.TestAdvisoryFixHardened" name="test_7_unknown_email_provider_returns_404" time="0.111" /><testcase classname="tests.test_iteration15_advisory_fix_hardened.TestAdvisoryFixHardened" name="test_8_unknown_payment_provider_returns_404" time="0.098" /><testcase classname="tests.test_iteration15_advisory_fix_hardened.TestAdvisoryFixHardened" name="test_9_never_returns_500_or_2xx[/api/webhook/email/resend-None]" time="0.092" /><testcase classname="tests.test_iteration15_advisory_fix_hardened.TestAdvisoryFixHardened" name="test_9_never_returns_500_or_2xx[/api/webhook/email/sendgrid-None]" time="0.097" /><testcase classname="tests.test_iteration15_advisory_fix_hardened.TestAdvisoryFixHardened" name="test_9_never_returns_500_or_2xx[/api/webhook/payment/stripe-extra_headers2]" time="0.107" /><testcase classname="tests.test_iteration15_advisory_fix_hardened.TestAdvisoryFixHardened" name="test_9_never_returns_500_or_2xx[/api/webhook/payment/razorpay-extra_headers3]" time="0.097" /><testcase classname="tests.test_iteration15_advisory_fix_hardened.TestAdvisoryFixHardened" name="test_9_never_returns_500_or_2xx[/api/webhook/payment/paystack-extra_headers4]" time="0.093" /><testcase classname="tests.test_iteration15_advisory_fix_hardened.TestAdvisoryFixHardened" name="test_9_never_returns_500_or_2xx[/api/webhook/payment/paypal-None]" time="0.102" /><testcase classname="tests.test_iteration15_advisory_fix_hardened.TestSupportRBAC" name="test_support_cannot_test_stripe" time="0.435" /><testcase classname="tests.test_iteration15_advisory_fix_hardened.TestSupportRBAC" name="test_support_cannot_disable_stripe" time="0.108" /><testcase classname="tests.test_iteration15_advisory_fix_hardened.TestRegression" name="test_fixture_auth_me_200" time="0.415" /><testcase classname="tests.test_iteration15_advisory_fix_hardened.TestRegression" name="test_billing_checkout_200" time="0.630" /><testcase classname="tests.test_iteration15_advisory_fix_hardened.TestRegression" name="test_providers_count_and_status_matrix" time="0.413" /></testsuite></testsuites>