<?xml version="1.0" encoding="utf-8"?><testsuites name="pytest tests"><testsuite name="pytest" errors="0" failures="0" skipped="0" tests="23" time="2.275" timestamp="2026-07-22T22:16:14.197219+00:00" hostname="agent-env-af7cc636-8506-4548-af82-a1a50aae0158"><testcase classname="tests.test_notifications_webpush.TestPayloadMinimalism" name="test_allowed_titles_are_generic" time="0.006" /><testcase classname="tests.test_notifications_webpush.TestPayloadMinimalism" name="test_scrub_rejects_forbidden_keys" time="0.000" /><testcase classname="tests.test_notifications_webpush.TestPayloadMinimalism" name="test_scrub_drops_unknown_keys_silently" time="0.000" /><testcase classname="tests.test_notifications_webpush.TestPayloadMinimalism" name="test_scrub_refuses_absolute_urls" time="0.000" /><testcase classname="tests.test_notifications_webpush.TestPayloadMinimalism" name="test_build_payload_uses_fixed_vocabulary" time="0.000" /><testcase classname="tests.test_notifications_webpush.TestSubscriptionLifecycle" name="test_register_is_idempotent_per_endpoint" time="0.167" /><testcase classname="tests.test_notifications_webpush.TestSubscriptionLifecycle" name="test_ownership_rejection_on_unsubscribe" time="0.171" /><testcase classname="tests.test_notifications_webpush.TestSubscriptionLifecycle" name="test_register_rejects_malformed_base64_keys" time="0.142" /><testcase classname="tests.test_notifications_webpush.TestSubscriptionLifecycle" name="test_register_rejects_non_https_endpoint" time="0.137" /><testcase classname="tests.test_notifications_webpush.TestMalformedSubscriptionPruning" name="test_pywebpush_binascii_error_prunes_subscription" time="0.263" /><testcase classname="tests.test_notifications_webpush.TestDispatch" name="test_opted_out_category_is_never_dispatched" time="0.166" /><testcase classname="tests.test_notifications_webpush.TestDispatch" name="test_dedup_key_prevents_duplicate_dispatch" time="0.163" /><testcase classname="tests.test_notifications_webpush.TestDispatch" name="test_no_active_subscriptions_is_a_clean_noop" time="0.135" /><testcase classname="tests.test_notifications_webpush.TestDispatch" name="test_vapid_missing_returns_configuration_reason" time="0.164" /><testcase classname="tests.test_notifications_webpush.TestDispatch" name="test_prune_on_404_or_410" time="0.164" /><testcase classname="tests.test_notifications_webpush.TestDispatch" name="test_notifications_row_payload_never_leaks" time="0.164" /><testcase classname="tests.test_notifications_webpush.TestEventHelpersSwallowErrors" name="test_dispatch_failure_does_not_propagate" time="0.137" /><testcase classname="tests.test_notifications_webpush.TestEventHelpersSwallowErrors" name="test_outcome_notify_filter_is_material_only" time="0.137" /><testcase classname="tests.test_notifications_webpush.TestProviderStatusTruthfulness" name="test_configuration_required_when_env_missing" time="0.000" /><testcase classname="tests.test_notifications_webpush.TestProviderStatusTruthfulness" name="test_configuration_required_when_subject_is_not_mailto" time="0.000" /><testcase classname="tests.test_notifications_webpush.TestProviderStatusTruthfulness" name="test_connected_when_env_present" time="0.000" /><testcase classname="tests.test_notifications_webpush.TestProviderStatusTruthfulness" name="test_degraded_after_recent_error" time="0.000" /><testcase classname="tests.test_notifications_webpush.TestProviderStatusTruthfulness" name="test_describe_never_leaks_key_values" time="0.000" /></testsuite></testsuites>