<?xml version="1.0" encoding="utf-8"?><testsuites name="pytest tests"><testsuite name="pytest" errors="0" failures="0" skipped="0" tests="3" time="1.110" timestamp="2026-07-27T10:35:03.818519+00:00" hostname="agent-env-af7cc636-8506-4548-af82-a1a50aae0158"><testcase classname="tests.test_iter20_walkin_and_chips.TestWalkinRegression" name="test_five_walkins_all_201_and_sixth_429" time="1.000" /><testcase classname="tests.test_iter20_walkin_and_chips.TestWalkinRegression" name="test_mine_lists_five_newest_first" time="0.045" /><testcase classname="tests.test_iter20_walkin_and_chips.TestWalkinRegression" name="test_applications_contains_walkin_route_rows" time="0.041" /></testsuite></testsuites>