<?xml version="1.0" encoding="utf-8"?><testsuites name="pytest tests"><testsuite name="pytest" errors="0" failures="0" skipped="0" tests="356" time="227.248" timestamp="2026-07-22T18:59:16.032816+00:00" hostname="agent-env-af7cc636-8506-4548-af82-a1a50aae0158"><testcase classname="tests.test_code_review_fixes.TestRazorpayDedupKey" name="test_two_events_same_payment_distinct_keys" time="0.010" /><testcase classname="tests.test_code_review_fixes.TestRazorpayDedupKey" name="test_vendor_retry_of_same_event_collides" time="0.000" /><testcase classname="tests.test_code_review_fixes.TestRazorpayDedupKey" name="test_missing_component_falls_back_to_hash" time="0.000" /><testcase classname="tests.test_code_review_fixes.TestRazorpayDedupKey" name="test_stripe_and_paystack_extraction_still_correct" time="0.000" /><testcase classname="tests.test_code_review_fixes" name="test_payment_webhook_race_returns_duplicate_not_500" time="0.001" /><testcase classname="tests.test_code_review_fixes" name="test_email_webhook_race_returns_duplicate_not_500" time="0.002" /><testcase classname="tests.test_code_review_fixes.TestStatusMappingRefined" name="test_sendgrid_cryptography_missing_now_503" time="0.000" /><testcase classname="tests.test_code_review_fixes.TestStatusMappingRefined" name="test_paypal_verify_failed_upstream_now_503" time="0.000" /><testcase classname="tests.test_deploy_readiness_prod_mode_seed_guard" name="test_prod_mode_seed_skips_fixture_accounts" time="0.068" /><testcase classname="tests.test_deploy_readiness_prod_mode_seed_guard" name="test_preview_mode_seed_creates_full_fixture" time="3.183" /><testcase classname="tests.test_deploy_readiness_prod_mode_seed_guard" name="test_fixture_rebase_endpoint_disabled_in_prod_mode" time="0.002" /><testcase classname="tests.test_fixture_acceptance_b.TestFixtureLogin" name="test_fixture_login_returns_access_token" time="0.663" /><testcase classname="tests.test_fixture_acceptance_b.TestFixtureRebaseline" name="test_applications_empty_on_start" time="0.409" /><testcase classname="tests.test_fixture_acceptance_b.TestFixtureRebaseline" name="test_usage_meter_starts_at_zero" time="0.062" /><testcase classname="tests.test_fixture_acceptance_b.TestFixtureRebaseline" name="test_preferences_are_seeded" time="0.055" /><testcase classname="tests.test_fixture_acceptance_b.TestFixtureRebaseline" name="test_eligibility_is_seeded" time="0.053" /><testcase classname="tests.test_fixture_acceptance_b.TestFixtureRebaseline" name="test_claims_all_approved_covering_core" time="0.057" /><testcase classname="tests.test_fixture_acceptance_b.TestAcceptanceGeometry" name="test_feed_weights_and_totals_exact" time="0.076" /><testcase classname="tests.test_fixture_acceptance_b.TestAcceptanceGeometry" name="test_feed_fail_reason_counts_exact" time="0.000" /><testcase classname="tests.test_fixture_acceptance_b.TestAcceptanceGeometry" name="test_coverage_preview_parity" time="0.061" /><testcase classname="tests.test_fixture_acceptance_b.TestPassingJobsDetail" name="test_passing_jobs_have_score_and_top_reasons" time="0.000" /><testcase classname="tests.test_fixture_acceptance_b.TestMatchModal" name="test_match_modal_full_shape" time="0.054" /><testcase classname="tests.test_fixture_acceptance_b.TestShortlistFlow" name="test_01_shortlist_happy_path" time="0.769" /><testcase classname="tests.test_fixture_acceptance_b.TestShortlistFlow" name="test_02_shortlist_duplicate_409" time="0.108" /><testcase classname="tests.test_fixture_acceptance_b.TestShortlistFlow" name="test_03_shortlist_idempotency_replay" time="0.110" /><testcase classname="tests.test_fixture_acceptance_b.TestHideFlow" name="test_hide_removes_from_feed_and_shortlist_shows_in_excluded" time="0.134" /><testcase classname="tests.test_fixture_acceptance_b.TestStateTransition" name="test_atomic_transition_and_precondition_failed" time="0.151" /><testcase classname="tests.test_fixture_acceptance_b.TestUserZeroCleanup" name="test_user_zero_prefs_and_eligibility_wiped" time="0.498" /><testcase classname="tests.test_fixture_acceptance_b.TestUserZeroCleanup" name="test_user_zero_applications_empty" time="0.065" /><testcase classname="tests.test_fixture_acceptance_b.TestUserZeroCleanup" name="test_user_zero_claims_still_present" time="0.068" /><testcase classname="tests.test_fixture_acceptance_b.TestImportsResolverLabel" name="test_import_returns_resolver_label" time="0.120" /><testcase classname="tests.test_fixture_acceptance_b.TestSampleCoIntegrity" name="test_all_15_sample_jobs_exist" time="0.203" /><testcase classname="tests.test_fixture_acceptance_b.TestSampleCoIntegrity" name="test_sample_13_gates_shape_itar_fail_location_pass" time="0.271" /><testcase classname="tests.test_fixture_acceptance_b.TestSampleCoIntegrity" name="test_sample_09_gates_itar_fail_location_pass" time="0.256" /><testcase classname="tests.test_fixture_acceptance_b.TestZZCleanup" name="test_close_shortlisted_application" time="0.063" /><testcase classname="tests.test_gate_engine" name="test_gate_engine_enumerates_14_gates_by_exact_name" time="0.004" /><testcase classname="tests.test_gate_engine" name="test_authorization_scope_gate_passes_but_is_declared" time="0.000" /><testcase classname="tests.test_gate_engine" name="test_itar_gate_fails_for_non_us_person" time="0.000" /><testcase classname="tests.test_gate_engine" name="test_sponsorship_gate_fails_when_needed_but_not_offered" time="0.000" /><testcase classname="tests.test_gate_engine" name="test_duplicate_gate_fails_when_open_app_exists" time="0.000" /><testcase classname="tests.test_gate_engine" name="test_scoring_weights_sum_to_100_and_version_is_v01" time="0.000" /><testcase classname="tests.test_gate_engine" name="test_scoring_renormalizes_unknowns_and_gate_fail_caps_score" time="0.000" /><testcase classname="tests.test_gate_engine" name="test_scoring_positive_path_when_all_pass" time="0.002" /><testcase classname="tests.test_gate_engine" name="test_gate_engine_never_uses_zip_or_age" time="0.006" /><testcase classname="tests.test_indexes" name="test_unique_canonical_key_blocks_duplicate_ingest" time="0.152" /><testcase classname="tests.test_indexes" name="test_unique_submission_receipt_blocks_duplicate" time="0.161" /><testcase classname="tests.test_indexes" name="test_unique_usage_meter_per_period" time="0.155" /><testcase classname="tests.test_indexes" name="test_unique_open_application_partial_index_allows_closed" time="0.162" /><testcase classname="tests.test_iteration13_indep_verification.TestMilestoneB_Storage" name="test_admin_media_storage_status_ok" time="0.485" /><testcase classname="tests.test_iteration13_indep_verification.TestMilestoneB_Storage" name="test_admin_media_storage_test_connection" time="0.188" /><testcase classname="tests.test_iteration13_indep_verification.TestMilestoneB_Storage" name="test_document_upload_reaches_emergent_backend" time="1.239" /><testcase classname="tests.test_iteration13_indep_verification.TestMilestoneC_Email" name="test_resend_admin_detail_shape" time="0.193" /><testcase classname="tests.test_iteration13_indep_verification.TestMilestoneC_Email" name="test_sendgrid_admin_detail_shape" time="0.117" /><testcase classname="tests.test_iteration13_indep_verification.TestMilestoneC_Email" name="test_resend_webhook_hardfail_503_no_secret" time="0.121" /><testcase classname="tests.test_iteration13_indep_verification.TestMilestoneC_Email" name="test_sendgrid_webhook_hardfail_no_signature" time="0.108" /><testcase classname="tests.test_iteration13_indep_verification.TestMilestoneC_Email" name="test_unknown_email_provider_returns_404" time="0.114" /><testcase classname="tests.test_iteration13_indep_verification.TestMilestoneD_Twilio" name="test_twilio_admin_detail_configuration_required" time="0.111" /><testcase classname="tests.test_iteration13_indep_verification.TestMilestoneE_GoogleBackend" name="test_invalid_google_session_returns_401" time="0.215" /><testcase classname="tests.test_iteration13_indep_verification.TestMilestoneE_GoogleBackend" name="test_google_session_route_is_csrf_exempt" time="0.174" /><testcase classname="tests.test_iteration13_indep_verification.TestMilestoneE_GoogleBackend" name="test_complete_signup_unknown_pending_returns_404" time="0.129" /><testcase classname="tests.test_iteration13_indep_verification.TestMilestoneE_GoogleBackend" name="test_google_auth_provider_status" time="0.116" /><testcase classname="tests.test_iteration13_indep_verification.TestMilestoneF_Payments" name="test_stripe_admin_detail" time="0.145" /><testcase classname="tests.test_iteration13_indep_verification.TestMilestoneF_Payments" name="test_stripe_webhook_url_uses_preview_host" time="0.139" /><testcase classname="tests.test_iteration13_indep_verification.TestMilestoneF_Payments" name="test_razorpay_admin_detail_configuration_required" time="0.126" /><testcase classname="tests.test_iteration13_indep_verification.TestMilestoneF_Payments" name="test_stripe_webhook_hardfails_400_or_503" time="0.120" /><testcase classname="tests.test_iteration13_indep_verification.TestMilestoneF_Payments" name="test_razorpay_webhook_hardfail_503" time="0.134" /><testcase classname="tests.test_iteration13_indep_verification.TestMilestoneF_Payments" name="test_unknown_payment_provider_404" time="0.136" /><testcase classname="tests.test_iteration13_indep_verification.TestMilestoneG_AIGateway" name="test_openai_admin_detail_test_mode" time="0.127" /><testcase classname="tests.test_iteration13_indep_verification.TestMilestoneG_AIGateway" name="test_anthropic_admin_detail_test_mode" time="0.119" /><testcase classname="tests.test_iteration13_indep_verification.TestMilestoneG_AIGateway" name="test_gemini_admin_detail_test_mode" time="0.113" /><testcase classname="tests.test_iteration13_indep_verification.TestMilestoneH_ElevenLabs" name="test_elevenlabs_admin_detail" time="0.151" /><testcase classname="tests.test_iteration13_indep_verification.TestMilestoneH_ElevenLabs" name="test_elevenlabs_test_connection_reports_configuration_required" time="0.110" /><testcase classname="tests.test_iteration13_indep_verification.TestRegression" name="test_fixture_login_and_me" time="0.113" /><testcase classname="tests.test_iteration13_indep_verification.TestRegression" name="test_billing_checkout_returns_stripe_url" time="0.568" /><testcase classname="tests.test_iteration13_indep_verification.TestRegression" name="test_privacy_export_no_password_hash_leak" time="0.748" /><testcase classname="tests.test_iteration13_indep_verification.TestRegression" name="test_admin_user_detail_masks_sealed" time="0.229" /><testcase classname="tests.test_iteration13_indep_verification.TestRegression" name="test_support_cannot_write_integrations" time="0.472" /><testcase classname="tests.test_iteration14_advisory_fix.TestAdvisoryFixWebhookSemantics" name="test_resend_webhook_returns_503_secret_not_configured" time="0.137" /><testcase classname="tests.test_iteration14_advisory_fix.TestAdvisoryFixWebhookSemantics" name="test_sendgrid_webhook_returns_503_public_key_not_configured" time="0.113" /><testcase classname="tests.test_iteration14_advisory_fix.TestAdvisoryFixWebhookSemantics" name="test_stripe_webhook_returns_503_secret_not_configured" time="0.128" /><testcase classname="tests.test_iteration14_advisory_fix.TestAdvisoryFixWebhookSemantics" name="test_razorpay_webhook_returns_503_secret_not_configured" time="0.116" /><testcase classname="tests.test_iteration14_advisory_fix.TestAdvisoryFixWebhookSemantics" name="test_paystack_webhook_returns_503_secret_not_configured" time="0.116" /><testcase classname="tests.test_iteration14_advisory_fix.TestAdvisoryFixWebhookSemantics" name="test_paypal_webhook_returns_503_webhook_id_not_configured" time="0.114" /><testcase classname="tests.test_iteration14_advisory_fix.TestAdvisoryFixWebhookSemantics" name="test_unknown_email_provider_returns_404" time="0.122" /><testcase classname="tests.test_iteration14_advisory_fix.TestAdvisoryFixWebhookSemantics" name="test_unknown_payment_provider_returns_404" time="0.150" /><testcase classname="tests.test_iteration14_advisory_fix.TestAdvisoryFixWebhookSemantics" name="test_webhook_routes_never_500_or_2xx[/api/webhook/email/resend-headers0]" time="0.126" /><testcase classname="tests.test_iteration14_advisory_fix.TestAdvisoryFixWebhookSemantics" name="test_webhook_routes_never_500_or_2xx[/api/webhook/email/sendgrid-headers1]" time="0.121" /><testcase classname="tests.test_iteration14_advisory_fix.TestAdvisoryFixWebhookSemantics" name="test_webhook_routes_never_500_or_2xx[/api/webhook/payment/stripe-headers2]" time="0.130" /><testcase classname="tests.test_iteration14_advisory_fix.TestAdvisoryFixWebhookSemantics" name="test_webhook_routes_never_500_or_2xx[/api/webhook/payment/razorpay-headers3]" time="0.106" /><testcase classname="tests.test_iteration14_advisory_fix.TestAdvisoryFixWebhookSemantics" name="test_webhook_routes_never_500_or_2xx[/api/webhook/payment/paystack-headers4]" time="0.120" /><testcase classname="tests.test_iteration14_advisory_fix.TestAdvisoryFixWebhookSemantics" name="test_webhook_routes_never_500_or_2xx[/api/webhook/payment/paypal-headers5]" time="0.120" /><testcase classname="tests.test_iteration14_advisory_fix.TestAdminIntegrationsSurface" name="test_admin_integrations_list_returns_14_providers" time="0.519" /><testcase classname="tests.test_iteration14_advisory_fix.TestAdminIntegrationsSurface" name="test_admin_integrations_status_matrix" time="0.124" /><testcase classname="tests.test_iteration14_advisory_fix.TestSupportRBAC" name="test_support_can_read_integrations" time="0.532" /><testcase classname="tests.test_iteration14_advisory_fix.TestSupportRBAC" name="test_support_cannot_test_stripe" time="0.125" /><testcase classname="tests.test_iteration14_advisory_fix.TestSupportRBAC" name="test_support_cannot_disable_stripe" time="0.107" /><testcase classname="tests.test_iteration14_advisory_fix.TestRegressionSmoke" name="test_fixture_login_and_me" time="0.471" /><testcase classname="tests.test_iteration14_advisory_fix.TestRegressionSmoke" name="test_billing_checkout_returns_200" time="0.573" /><testcase classname="tests.test_iteration14_advisory_fix.TestRegressionSmoke" name="test_privacy_export_masks_password_hash" time="0.288" /><testcase classname="tests.test_iteration15_advisory_fix_hardened.TestAdvisoryFixHardened" name="test_1_email_resend_no_secret_returns_503" time="0.141" /><testcase classname="tests.test_iteration15_advisory_fix_hardened.TestAdvisoryFixHardened" name="test_2_email_sendgrid_no_key_returns_503" time="0.116" /><testcase classname="tests.test_iteration15_advisory_fix_hardened.TestAdvisoryFixHardened" name="test_3_payment_stripe_no_secret_returns_503" time="0.121" /><testcase classname="tests.test_iteration15_advisory_fix_hardened.TestAdvisoryFixHardened" name="test_4_payment_razorpay_no_secret_returns_503" time="0.142" /><testcase classname="tests.test_iteration15_advisory_fix_hardened.TestAdvisoryFixHardened" name="test_5_payment_paystack_no_secret_returns_503" time="0.188" /><testcase classname="tests.test_iteration15_advisory_fix_hardened.TestAdvisoryFixHardened" name="test_6_payment_paypal_no_id_returns_503" time="0.112" /><testcase classname="tests.test_iteration15_advisory_fix_hardened.TestAdvisoryFixHardened" name="test_7_unknown_email_provider_returns_404" time="0.112" /><testcase classname="tests.test_iteration15_advisory_fix_hardened.TestAdvisoryFixHardened" name="test_8_unknown_payment_provider_returns_404" time="0.113" /><testcase classname="tests.test_iteration15_advisory_fix_hardened.TestAdvisoryFixHardened" name="test_9_never_returns_500_or_2xx[/api/webhook/email/resend-None]" time="0.117" /><testcase classname="tests.test_iteration15_advisory_fix_hardened.TestAdvisoryFixHardened" name="test_9_never_returns_500_or_2xx[/api/webhook/email/sendgrid-None]" time="0.136" /><testcase classname="tests.test_iteration15_advisory_fix_hardened.TestAdvisoryFixHardened" name="test_9_never_returns_500_or_2xx[/api/webhook/payment/stripe-extra_headers2]" time="0.119" /><testcase classname="tests.test_iteration15_advisory_fix_hardened.TestAdvisoryFixHardened" name="test_9_never_returns_500_or_2xx[/api/webhook/payment/razorpay-extra_headers3]" time="0.217" /><testcase classname="tests.test_iteration15_advisory_fix_hardened.TestAdvisoryFixHardened" name="test_9_never_returns_500_or_2xx[/api/webhook/payment/paystack-extra_headers4]" time="0.212" /><testcase classname="tests.test_iteration15_advisory_fix_hardened.TestAdvisoryFixHardened" name="test_9_never_returns_500_or_2xx[/api/webhook/payment/paypal-None]" time="0.106" /><testcase classname="tests.test_iteration15_advisory_fix_hardened.TestSupportRBAC" name="test_support_cannot_test_stripe" time="0.512" /><testcase classname="tests.test_iteration15_advisory_fix_hardened.TestSupportRBAC" name="test_support_cannot_disable_stripe" time="0.117" /><testcase classname="tests.test_iteration15_advisory_fix_hardened.TestRegression" name="test_fixture_auth_me_200" time="0.477" /><testcase classname="tests.test_iteration15_advisory_fix_hardened.TestRegression" name="test_billing_checkout_200" time="0.525" /><testcase classname="tests.test_iteration15_advisory_fix_hardened.TestRegression" name="test_providers_count_and_status_matrix" time="0.484" /><testcase classname="tests.test_milestone_a_integrations.TestIntegrationsList" name="test_admin_can_list_14_providers" time="0.567" /><testcase classname="tests.test_milestone_a_integrations.TestIntegrationsList" name="test_summary_counts_add_up" time="0.117" /><testcase classname="tests.test_milestone_a_integrations.TestIntegrationsList" name="test_support_can_read_list" time="0.472" /><testcase classname="tests.test_milestone_a_integrations.TestIntegrationsList" name="test_regular_user_forbidden" time="0.503" /><testcase classname="tests.test_milestone_a_integrations.TestIntegrationsList" name="test_anonymous_unauthorized" time="0.119" /><testcase classname="tests.test_milestone_a_integrations.TestIntegrationsList" name="test_list_response_has_no_secret_material" time="0.111" /><testcase classname="tests.test_milestone_a_integrations.TestIntegrationsList" name="test_status_snapshot_matches_env" time="0.105" /><testcase classname="tests.test_milestone_a_integrations.TestIntegrationDetail" name="test_admin_can_read_stripe_detail" time="0.116" /><testcase classname="tests.test_milestone_a_integrations.TestIntegrationDetail" name="test_support_can_read_detail" time="0.140" /><testcase classname="tests.test_milestone_a_integrations.TestIntegrationDetail" name="test_user_forbidden_on_detail" time="0.132" /><testcase classname="tests.test_milestone_a_integrations.TestIntegrationDetail" name="test_unknown_slug_404" time="0.123" /><testcase classname="tests.test_milestone_a_integrations.TestIntegrationWrites" name="test_admin_can_test_connection" time="0.560" /><testcase classname="tests.test_milestone_a_integrations.TestIntegrationWrites" name="test_support_cannot_test" time="0.116" /><testcase classname="tests.test_milestone_a_integrations.TestIntegrationWrites" name="test_anonymous_cannot_test" time="0.109" /><testcase classname="tests.test_milestone_a_integrations.TestIntegrationWrites" name="test_user_cannot_test" time="0.109" /><testcase classname="tests.test_milestone_a_integrations.TestIntegrationWrites" name="test_disable_then_enable_reverts_status" time="0.571" /><testcase classname="tests.test_milestone_a_integrations.TestIntegrationWrites" name="test_support_cannot_enable_or_disable" time="0.228" /><testcase classname="tests.test_milestone_a_integrations.TestIntegrationWrites" name="test_unknown_slug_write_404" time="0.371" /><testcase classname="tests.test_milestone_a_integrations.TestRegressionSpotChecks" name="test_cookie_login_me_logout" time="0.541" /><testcase classname="tests.test_milestone_a_integrations.TestRegressionSpotChecks" name="test_billing_checkout_stripe_test_mode" time="0.535" /><testcase classname="tests.test_milestone_a_integrations.TestRegressionSpotChecks" name="test_privacy_export_no_hash_leak" time="0.779" /><testcase classname="tests.test_milestone_a_integrations.TestRegressionSpotChecks" name="test_admin_user_search_and_sealed_mask" time="0.287" /><testcase classname="tests.test_milestone_a_integrations.TestRegressionSpotChecks" name="test_admin_application_submit_pipeline_spotcheck" time="0.138" /><testcase classname="tests.test_milestone_b_storage" name="test_backend_selected_matches_env" time="0.008" /><testcase classname="tests.test_milestone_b_storage" name="test_put_get_roundtrip" time="0.657" /><testcase classname="tests.test_milestone_b_storage" name="test_media_storage_provider_describe_never_leaks_secrets" time="0.000" /><testcase classname="tests.test_milestone_b_storage" name="test_media_storage_provider_test_connection_ok" time="0.043" /><testcase classname="tests.test_milestone_c_email.TestProviderStatus" name="test_resend_reports_configuration_required_without_keys" time="0.004" /><testcase classname="tests.test_milestone_c_email.TestProviderStatus" name="test_sendgrid_reports_configuration_required_without_keys" time="0.000" /><testcase classname="tests.test_milestone_c_email.TestProviderStatus" name="test_neither_provider_leaks_secrets" time="0.000" /><testcase classname="tests.test_milestone_c_email.TestSendHardFail" name="test_resend_send_without_key_raises" time="0.001" /><testcase classname="tests.test_milestone_c_email.TestSendHardFail" name="test_sendgrid_send_without_key_raises" time="0.001" /><testcase classname="tests.test_milestone_c_email.TestResendWebhookVerification" name="test_hard_fail_on_missing_secret" time="0.000" /><testcase classname="tests.test_milestone_c_email.TestResendWebhookVerification" name="test_hard_fail_on_missing_headers" time="0.000" /><testcase classname="tests.test_milestone_c_email.TestResendWebhookVerification" name="test_valid_signature_returns_verified" time="0.000" /><testcase classname="tests.test_milestone_c_email.TestResendWebhookVerification" name="test_bad_signature_rejected" time="0.000" /><testcase classname="tests.test_milestone_c_email.TestResendWebhookVerification" name="test_stale_timestamp_rejected" time="0.000" /><testcase classname="tests.test_milestone_c_email.TestSendGridWebhookVerification" name="test_hard_fail_on_missing_public_key" time="0.000" /><testcase classname="tests.test_milestone_c_email.TestSendGridWebhookVerification" name="test_valid_signature_returns_verified" time="0.004" /><testcase classname="tests.test_milestone_c_email.TestSendGridWebhookVerification" name="test_bad_signature_rejected" time="0.001" /><testcase classname="tests.test_milestone_c_email.TestWebhookRouteHardFail" name="test_provider_verify_webhook_hardfails_when_secret_unset" time="0.000" /><testcase classname="tests.test_milestone_d_twilio.TestProviderStatus" name="test_configuration_required_without_creds" time="0.004" /><testcase classname="tests.test_milestone_d_twilio.TestOtpFlowHardFail" name="test_start_verify_hardfails_without_creds" time="0.001" /><testcase classname="tests.test_milestone_d_twilio.TestOtpFlowHardFail" name="test_check_verify_hardfails_without_creds" time="0.001" /><testcase classname="tests.test_milestone_d_twilio.TestTwilioSignatureVerification" name="test_missing_token_hardfails" time="0.000" /><testcase classname="tests.test_milestone_d_twilio.TestTwilioSignatureVerification" name="test_missing_header_hardfails" time="0.000" /><testcase classname="tests.test_milestone_d_twilio.TestTwilioSignatureVerification" name="test_valid_signature_accepted" time="0.000" /><testcase classname="tests.test_milestone_d_twilio.TestTwilioSignatureVerification" name="test_bad_signature_rejected" time="0.000" /><testcase classname="tests.test_milestone_e_google.TestGoogleAuthProviderStatus" name="test_default_is_test_mode_or_connected" time="0.003" /><testcase classname="tests.test_milestone_e_google.TestGoogleAuthProviderStatus" name="test_disabled_by_env_reports_configuration_required" time="0.000" /><testcase classname="tests.test_milestone_e_google.TestStartGoogleSession" name="test_unknown_email_returns_pending_and_creates_no_user" time="0.012" /><testcase classname="tests.test_milestone_e_google.TestStartGoogleSession" name="test_existing_email_gets_linked_and_logged_in" time="0.244" /><testcase classname="tests.test_milestone_e_google.TestStartGoogleSession" name="test_invalid_session_id_hardfails" time="0.006" /><testcase classname="tests.test_milestone_e_google.TestCompleteGoogleSignup" name="test_missing_required_consent_rejected" time="0.005" /><testcase classname="tests.test_milestone_e_google.TestCompleteGoogleSignup" name="test_happy_path_creates_user_and_logs_in" time="0.012" /><testcase classname="tests.test_milestone_f_payments.TestPaymentStatusMatrix" name="test_stripe_test_mode" time="0.003" /><testcase classname="tests.test_milestone_f_payments.TestPaymentStatusMatrix" name="test_regionals_are_configuration_required" time="0.000" /><testcase classname="tests.test_milestone_f_payments.TestCreateOrderHardFail" name="test_razorpay_create_order_hardfails" time="0.001" /><testcase classname="tests.test_milestone_f_payments.TestCreateOrderHardFail" name="test_paystack_initialize_hardfails" time="0.001" /><testcase classname="tests.test_milestone_f_payments.TestCreateOrderHardFail" name="test_paypal_create_order_hardfails" time="0.001" /><testcase classname="tests.test_milestone_f_payments.TestStripeSignatureVerification" name="test_missing_secret_hardfails" time="0.000" /><testcase classname="tests.test_milestone_f_payments.TestStripeSignatureVerification" name="test_valid_signature_accepted" time="0.000" /><testcase classname="tests.test_milestone_f_payments.TestStripeSignatureVerification" name="test_bad_signature_rejected" time="0.000" /><testcase classname="tests.test_milestone_f_payments.TestStripeSignatureVerification" name="test_stale_timestamp_rejected" time="0.000" /><testcase classname="tests.test_milestone_f_payments.TestRazorpaySignatureVerification" name="test_missing_secret_hardfails" time="0.000" /><testcase classname="tests.test_milestone_f_payments.TestRazorpaySignatureVerification" name="test_valid_signature_accepted" time="0.000" /><testcase classname="tests.test_milestone_f_payments.TestRazorpaySignatureVerification" name="test_bad_signature_rejected" time="0.000" /><testcase classname="tests.test_milestone_f_payments.TestPaystackSignatureVerification" name="test_missing_secret_hardfails" time="0.000" /><testcase classname="tests.test_milestone_f_payments.TestPaystackSignatureVerification" name="test_valid_signature_accepted" time="0.000" /><testcase classname="tests.test_milestone_f_payments.TestPayPalWebhookHardFail" name="test_missing_webhook_id_hardfails" time="0.001" /><testcase classname="tests.test_milestone_f_payments.TestPayPalWebhookHardFail" name="test_missing_headers_hardfails" time="0.001" /><testcase classname="tests.test_milestone_g_ai_gateway.TestAIGatewayRouting" name="test_routes_to_openai_and_records_cost" time="0.010" /><testcase classname="tests.test_milestone_g_ai_gateway.TestAIGatewayRouting" name="test_records_cost_on_failure" time="0.007" /><testcase classname="tests.test_milestone_g_ai_gateway.TestAdapterHardFail" name="test_openai_chat_hardfails_without_emergent_key" time="0.001" /><testcase classname="tests.test_milestone_g_ai_gateway.TestGatewayUnknownProvider" name="test_unknown_slug_raises" time="0.000" /><testcase classname="tests.test_milestone_g_ai_gateway.TestGatewayUnknownProvider" name="test_non_ai_slug_raises" time="0.000" /><testcase classname="tests.test_milestone_h_webhooks.TestPaymentWebhookRoute" name="test_unknown_provider_returns_404" time="0.125" /><testcase classname="tests.test_milestone_h_webhooks.TestPaymentWebhookRoute" name="test_stripe_route_hard_fails_when_secret_unset" time="0.114" /><testcase classname="tests.test_milestone_h_webhooks.TestPaymentWebhookRoute" name="test_valid_stripe_signature_stores_and_dedupes" time="0.000" /><testcase classname="tests.test_milestone_h_webhooks.TestElevenLabs" name="test_configuration_required_without_key" time="0.000" /><testcase classname="tests.test_milestone_h_webhooks.TestElevenLabs" name="test_tts_hardfails_without_creds" time="0.001" /><testcase classname="tests.test_milestone_h_webhooks.TestExternalEventIdExtractor" name="test_stripe_style_id" time="0.000" /><testcase classname="tests.test_milestone_h_webhooks.TestExternalEventIdExtractor" name="test_razorpay_style_composite_key" time="0.000" /><testcase classname="tests.test_milestone_h_webhooks.TestExternalEventIdExtractor" name="test_paystack_style_data_id" time="0.000" /><testcase classname="tests.test_milestone_h_webhooks.TestExternalEventIdExtractor" name="test_unparseable_falls_back_to_hash" time="0.000" /><testcase classname="tests.test_phase3_integration" name="test_health_phase3_and_mongo" time="0.403" /><testcase classname="tests.test_phase3_integration" name="test_openapi_exposes_all_phase3_paths" time="0.113" /><testcase classname="tests.test_phase3_integration" name="test_internal_ingest_missing_token_returns_401" time="0.101" /><testcase classname="tests.test_phase3_integration" name="test_internal_ingest_wrong_token_returns_403" time="0.115" /><testcase classname="tests.test_phase3_integration" name="test_internal_ingest_503_code_path_exists" time="0.000" /><testcase classname="tests.test_phase3_integration" name="test_internal_ingest_response_never_echoes_token" time="0.124" /><testcase classname="tests.test_phase3_integration" name="test_internal_ingest_accept_then_update_then_direct_dup" time="0.269" /><testcase classname="tests.test_phase3_integration" name="test_fresh_signup_feed_returns_passport_not_activated" time="0.776" /><testcase classname="tests.test_phase3_integration" name="test_feed_returns_expected_structure_for_activated_user" time="0.605" /><testcase classname="tests.test_phase3_integration" name="test_job_detail_enumerates_14_gates_in_exact_order" time="0.228" /><testcase classname="tests.test_phase3_integration" name="test_authorization_scope_gate_always_pass_with_phase3_detail" time="0.145" /><testcase classname="tests.test_phase3_integration" name="test_gate_parity_between_coverage_preview_and_feed" time="0.401" /><testcase classname="tests.test_phase3_integration" name="test_import_aggregator_hosts_return_409[https://www.linkedin.com/jobs/view/12345-linkedin.com]" time="0.143" /><testcase classname="tests.test_phase3_integration" name="test_import_aggregator_hosts_return_409[https://www.indeed.com/viewjob?jk=xxx-indeed.com]" time="0.115" /><testcase classname="tests.test_phase3_integration" name="test_import_aggregator_hosts_return_409[https://joinhandshake.com/jobs/12345-joinhandshake.com]" time="0.118" /><testcase classname="tests.test_phase3_integration" name="test_import_real_employer_url_returns_201_derived" time="0.153" /><testcase classname="tests.test_phase3_integration" name="test_consent_gate_on_feed_and_import" time="0.594" /><testcase classname="tests.test_phase3_integration" name="test_shortlist_and_duplicate_returns_409" time="0.359" /><testcase classname="tests.test_phase3_integration" name="test_atomic_state_transitions_ok_conflict_and_invalid" time="0.618" /><testcase classname="tests.test_phase3_integration" name="test_match_score_and_feedback" time="0.888" /><testcase classname="tests.test_phase3_integration" name="test_usage_meter_increments_only_for_new_scores" time="0.510" /><testcase classname="tests.test_phase3_integration" name="test_idempotency_replay_on_shortlist" time="0.398" /><testcase classname="tests.test_phase3_integration" name="test_idempotency_replay_on_state_transition" time="0.545" /><testcase classname="tests.test_phase3_integration" name="test_sample_seed_integrity" time="0.001" /><testcase classname="tests.test_phase3_integration" name="test_feed_sample_rows_are_flagged" time="0.135" /><testcase classname="tests.test_phase3_integration" name="test_applications_list_returns_all_rows" time="0.115" /><testcase classname="tests.test_phase3_integration" name="test_llm_cost_service_passes_user_id" time="0.000" /><testcase classname="tests.test_phase3_integration" name="test_llm_cost_row_shape_if_present" time="0.001" /><testcase classname="tests.test_phase3_integration" name="test_submission_receipts_service_has_no_update_or_delete" time="0.001" /><testcase classname="tests.test_phase4_e2e" name="test_feed_geometry_9_6" time="0.685" /><testcase classname="tests.test_phase4_e2e" name="test_prepare_grounded_lines" time="7.272" /><testcase classname="tests.test_phase4_e2e" name="test_pmp_bait_refusal" time="7.277" /><testcase classname="tests.test_phase4_e2e" name="test_ready_for_approval_gate" time="0.110" /><testcase classname="tests.test_phase4_e2e" name="test_demographic_answer_400" time="0.213" /><testcase classname="tests.test_phase4_e2e" name="test_sensitive_generate_400" time="0.196" /><testcase classname="tests.test_phase4_e2e" name="test_answer_sensitive_and_ready_for_approval" time="0.465" /><testcase classname="tests.test_phase4_e2e" name="test_pdf_docx_export" time="1.237" /><testcase classname="tests.test_phase4_e2e" name="test_consent_gate_on_prepare" time="1.216" /><testcase classname="tests.test_phase5_e2e" name="test_full_check_e_happy_path" time="39.761" /><testcase classname="tests.test_phase5_e2e" name="test_duplicate_receipt_blocks_second_submission" time="9.262" /><testcase classname="tests.test_phase5_e2e" name="test_authorization_expired_blocks_submit" time="9.534" /><testcase classname="tests.test_phase5_e2e" name="test_authorization_revoked_blocks_submit" time="8.017" /><testcase classname="tests.test_phase5_e2e" name="test_materials_changed_blocks_submit" time="9.035" /><testcase classname="tests.test_phase5_e2e" name="test_daily_cap_blocks_over_limit" time="9.034" /><testcase classname="tests.test_phase5_e2e" name="test_tracker_outcomes_and_qi" time="10.550" /><testcase classname="tests.test_phase5_e2e" name="test_schedule_interview_from_illegal_state_rejects_transition_but_persists_row" time="8.165" /><testcase classname="tests.test_phase5_e2e" name="test_inbound_webhook_token_and_idempotency" time="10.394" /><testcase classname="tests.test_phase5_e2e" name="test_analytics_funnel" time="9.504" /><testcase classname="tests.test_phase5_e2e" name="test_track_applications_consent_gate" time="0.772" /><testcase classname="tests.test_phase5_e2e" name="test_duplicate_submit_returns_409_with_parseable_prior_receipt" time="9.885" /><testcase classname="tests.test_phase6_acceptance.TestStartup" name="test_health" time="0.135" /><testcase classname="tests.test_phase6_acceptance.TestAuthHardening" name="test_login_sets_cookies" time="0.350" /><testcase classname="tests.test_phase6_acceptance.TestAuthHardening" name="test_admin_login_samesite_strict" time="0.336" /><testcase classname="tests.test_phase6_acceptance.TestAuthHardening" name="test_me_with_cookies_only" time="0.400" /><testcase classname="tests.test_phase6_acceptance.TestAuthHardening" name="test_csrf_missing_header_returns_403" time="0.430" /><testcase classname="tests.test_phase6_acceptance.TestAuthHardening" name="test_csrf_with_matching_header_bypasses" time="0.721" /><testcase classname="tests.test_phase6_acceptance.TestAuthHardening" name="test_bearer_bypasses_csrf" time="0.671" /><testcase classname="tests.test_phase6_acceptance.TestAuthHardening" name="test_logout_revokes_session" time="0.451" /><testcase classname="tests.test_phase6_acceptance.TestAdminConsole" name="test_admin_users_list" time="0.539" /><testcase classname="tests.test_phase6_acceptance.TestAdminConsole" name="test_admin_user_detail_writes_audit" time="0.256" /><testcase classname="tests.test_phase6_acceptance.TestAdminConsole" name="test_admin_user_detail_never_leaks_password_hash" time="0.768" /><testcase classname="tests.test_phase6_acceptance.TestAdminConsole" name="test_admin_user_detail_masks_sealed_data" time="0.395" /><testcase classname="tests.test_phase6_acceptance.TestAdminConsole" name="test_admin_health_shape" time="0.115" /><testcase classname="tests.test_phase6_acceptance.TestSupportReadOnly" name="test_support_can_read_admin" time="0.144" /><testcase classname="tests.test_phase6_acceptance.TestSupportReadOnly" name="test_support_cannot_refund" time="0.120" /><testcase classname="tests.test_phase6_acceptance.TestSupportReadOnly" name="test_support_cannot_toggle_flag" time="0.121" /><testcase classname="tests.test_phase6_acceptance.TestSupportReadOnly" name="test_support_cannot_resolve_queue" time="0.167" /><testcase classname="tests.test_phase6_acceptance.TestSupportReadOnly" name="test_support_can_reply_ticket" time="0.243" /><testcase classname="tests.test_phase6_acceptance.TestAdminRefund" name="test_invalid_reason_400" time="0.118" /><testcase classname="tests.test_phase6_acceptance.TestAdminRefund" name="test_valid_refund_writes_audit" time="0.128" /><testcase classname="tests.test_phase6_acceptance.TestFeatureFlag" name="test_toggle_off_then_on" time="0.269" /><testcase classname="tests.test_phase6_acceptance.TestManualQueue" name="test_seed_and_resolve" time="0.147" /><testcase classname="tests.test_phase6_acceptance.TestBilling" name="test_catalog" time="0.125" /><testcase classname="tests.test_phase6_acceptance.TestBilling" name="test_usage_me" time="0.120" /><testcase classname="tests.test_phase6_acceptance.TestBilling" name="test_coupon_apply" time="0.112" /><testcase classname="tests.test_phase6_acceptance.TestBilling" name="test_checkout" time="0.667" /><testcase classname="tests.test_phase6_acceptance.TestPrivacy" name="test_consents_shape" time="0.126" /><testcase classname="tests.test_phase6_acceptance.TestPrivacy" name="test_export_flow" time="0.682" /><testcase classname="tests.test_phase6_acceptance.TestPrivacy" name="test_soft_delete_and_login_block" time="1.039" /><testcase classname="tests.test_phase6_acceptance.TestGates" name="test_feed_geometry_and_gates" time="0.481" /><testcase classname="tests.test_phase6_acceptance.TestReceiptsUnique" name="test_unique_index_exists" time="0.001" /><testcase classname="tests.test_phase6_acceptance.TestReceiptsUnique" name="test_concurrent_duplicate_insert" time="0.002" /><testcase classname="tests.test_phase6_acceptance.TestLinkImport" name="test_blocklist_returns_409[https://linkedin.com/jobs/view/xyz]" time="0.119" /><testcase classname="tests.test_phase6_acceptance.TestLinkImport" name="test_blocklist_returns_409[https://www.indeed.com/viewjob?jk=abc]" time="0.131" /><testcase classname="tests.test_phase6_acceptance.TestLinkImport" name="test_blocklist_returns_409[https://joinhandshake.com/jobs/12345]" time="0.119" /><testcase classname="tests.test_phase6_acceptance.TestSampleExclusion" name="test_funnel_totals_vs_sample" time="0.126" /><testcase classname="tests.test_receipts_immutability" name="test_receipt_module_exposes_no_mutation_functions" time="0.004" /><testcase classname="tests.test_receipts_immutability" name="test_duplicate_receipt_raises_by_unique_index" time="0.003" /><testcase classname="tests.test_receipts_immutability" name="test_supersedes_chain_keeps_original_row" time="0.007" /><testcase classname="tests.test_round2_e2e_verification" name="test_p0_1_rebase_auth_semantics" time="0.356" /><testcase classname="tests.test_round2_e2e_verification" name="test_p0_1_rebase_wipes_state" time="1.875" /><testcase classname="tests.test_round2_e2e_verification" name="test_p0_2_parity_clean_baseline" time="0.820" /><testcase classname="tests.test_round2_e2e_verification" name="test_p0_2_parity_after_mutations" time="1.187" /><testcase classname="tests.test_round2_e2e_verification" name="test_p0_3_weight_ideal_sum_100" time="0.751" /><testcase classname="tests.test_round2_e2e_verification" name="test_p1_4_feedback_round_trip" time="1.294" /><testcase classname="tests.test_round2_e2e_verification" name="test_user_zero_stays_pristine" time="0.719" /><testcase classname="tests.test_round2_parity_rebase_feedback" name="test_rebase_missing_token_401" time="0.289" /><testcase classname="tests.test_round2_parity_rebase_feedback" name="test_rebase_wrong_token_403" time="0.117" /><testcase classname="tests.test_round2_parity_rebase_feedback" name="test_rebase_correct_token_200_and_never_echoes_secret" time="0.127" /><testcase classname="tests.test_round2_parity_rebase_feedback" name="test_parity_clean_baseline" time="0.733" /><testcase classname="tests.test_round2_parity_rebase_feedback" name="test_parity_after_mutations" time="1.198" /><testcase classname="tests.test_round2_parity_rebase_feedback" name="test_feedback_round_trip_visible_on_get" time="1.419" /><testcase classname="tests.test_security_invariants.TestNoCredentialLeaksInAdminReads" name="test_admin_read_no_credential_leak[/api/v1/admin/users]" time="0.957" /><testcase classname="tests.test_security_invariants.TestNoCredentialLeaksInAdminReads" name="test_admin_read_no_credential_leak[/api/v1/admin/users?q=fixture]" time="0.222" /><testcase classname="tests.test_security_invariants.TestNoCredentialLeaksInAdminReads" name="test_admin_read_no_credential_leak[/api/v1/admin/subscriptions]" time="0.247" /><testcase classname="tests.test_security_invariants.TestNoCredentialLeaksInAdminReads" name="test_admin_read_no_credential_leak[/api/v1/admin/manual-queue]" time="0.266" /><testcase classname="tests.test_security_invariants.TestNoCredentialLeaksInAdminReads" name="test_admin_read_no_credential_leak[/api/v1/admin/flags]" time="0.255" /><testcase classname="tests.test_security_invariants.TestNoCredentialLeaksInAdminReads" name="test_admin_read_no_credential_leak[/api/v1/admin/support-tickets]" time="0.242" /><testcase classname="tests.test_security_invariants.TestNoCredentialLeaksInAdminReads" name="test_admin_read_no_credential_leak[/api/v1/admin/health]" time="0.372" /><testcase classname="tests.test_security_invariants.TestNoCredentialLeaksInAdminReads" name="test_admin_read_no_credential_leak[/api/v1/admin/observability/events]" time="0.261" /><testcase classname="tests.test_security_invariants.TestNoCredentialLeaksInAdminReads" name="test_admin_read_no_credential_leak[/api/v1/admin/observability/errors]" time="0.330" /><testcase classname="tests.test_security_invariants.TestNoCredentialLeaksInAdminReads" name="test_admin_read_no_credential_leak[/api/v1/admin/integrations]" time="0.319" /><testcase classname="tests.test_security_invariants.TestNoCredentialLeaksInAdminReads" name="test_admin_read_no_credential_leak[/api/v1/admin/integrations/stripe]" time="0.258" /><testcase classname="tests.test_security_invariants.TestNoCredentialLeaksInAdminReads" name="test_admin_read_no_credential_leak[/api/v1/admin/integrations/email_password]" time="0.277" /><testcase classname="tests.test_security_invariants.TestNoCredentialLeaksInUserReads" name="test_user_read_no_credential_leak[/api/v1/auth/me]" time="0.488" /><testcase classname="tests.test_security_invariants.TestNoCredentialLeaksInUserReads" name="test_user_read_no_credential_leak[/api/v1/subscriptions/me]" time="0.169" /><testcase classname="tests.test_security_invariants.TestNoCredentialLeaksInUserReads" name="test_user_read_no_credential_leak[/api/v1/usage/me]" time="0.163" /><testcase classname="tests.test_security_invariants.TestNoCredentialLeaksInUserReads" name="test_user_read_no_credential_leak[/api/v1/preferences/me]" time="0.111" /><testcase classname="tests.test_security_invariants.TestNoCredentialLeaksInUserReads" name="test_user_read_no_credential_leak[/api/v1/privacy/consents]" time="0.130" /><testcase classname="tests.test_security_invariants.TestNoCredentialLeaksInUserReads" name="test_user_read_no_credential_leak[/api/v1/privacy/release-log]" time="0.119" /><testcase classname="tests.test_security_invariants.TestAdminUserDetailDeepScan" name="test_user_detail_no_leaks[admin]" time="0.235" /><testcase classname="tests.test_security_invariants.TestAdminUserDetailDeepScan" name="test_user_detail_no_leaks[support]" time="0.293" /><testcase classname="tests.test_security_invariants.TestSensitivityRegistry" name="test_admin_service_lists_all_known_credential_fields" time="0.000" /><testcase classname="tests.test_security_invariants.TestPrivacyExportDoesNotLeakCredentials" name="test_export_bundle_has_no_password_hash" time="0.735" /><testcase classname="tests.test_security_invariants.TestSiblingSessionRevocationOnPasswordChange" name="test_password_change_kills_sibling_sessions" time="1.559" /><testcase classname="tests.test_security_invariants.TestIdempotencyIsUserScopedOnCookiePath" name="test_two_cookie_sessions_do_not_cross_pollinate" time="1.026" /><testcase classname="tests.test_security_invariants.TestAccessTokenInBodyFlagBehaviour" name="test_live_login_body_shape_reflects_flag" time="0.359" /><testcase classname="tests.test_security_invariants.TestAccessTokenInBodyFlagBehaviour" name="test_helper_returns_empty_when_flag_off" time="0.000" /><testcase classname="tests.test_security_invariants.TestPublicHealthDoesNotLeakDeployFlags" name="test_public_health_scrubbed" time="0.122" /><testcase classname="tests.test_security_invariants.TestPublicHealthDoesNotLeakDeployFlags" name="test_admin_health_exposes_flags" time="0.136" /><testcase classname="tests.test_security_invariants.TestLoginThrottle" name="test_login_throttle_kicks_in" time="1.470" /><testcase classname="tests.test_security_invariants.TestSensitiveRegistryStillIntact" name="test_admin_sanitizer_lists_new_credential_fields" time="0.000" /><testcase classname="tests.test_security_invariants.TestIntegrationsRegistry" name="test_status_enum_is_truthful" time="0.117" /><testcase classname="tests.test_security_invariants.TestIntegrationsRegistry" name="test_provider_describe_leaks_no_secrets" time="0.112" /><testcase classname="tests.test_security_invariants.TestIntegrationsRegistry" name="test_support_cannot_mutate_integrations" time="0.382" /><testcase classname="tests.test_security_invariants.TestIntegrationsRegistry" name="test_admin_can_run_test_connection" time="0.598" /><testcase classname="tests.test_security_invariants.TestIntegrationsRegistry" name="test_unknown_slug_returns_404" time="0.240" /><testcase classname="tests.test_validator.TestValidator" name="test_empty_claim_ids_rejected" time="0.004" /><testcase classname="tests.test_validator.TestValidator" name="test_unapproved_claim_id_rejected" time="0.000" /><testcase classname="tests.test_validator.TestValidator" name="test_number_mismatch_rejected" time="0.000" /><testcase classname="tests.test_validator.TestValidator" name="test_date_mismatch_rejected" time="0.000" /><testcase classname="tests.test_validator.TestValidator" name="test_date_match_allowed" time="0.000" /><testcase classname="tests.test_validator.TestValidator" name="test_sensitive_leak_blocks_sealed_value_in_text" time="0.000" /><testcase classname="tests.test_validator.TestValidator" name="test_sensitive_leak_permitted_with_per_app_approval" time="0.000" /><testcase classname="tests.test_validator.TestValidator" name="test_passing_line_normalizes_correctly" time="0.000" /><testcase classname="tests.test_validator.TestValidator" name="test_malformed_line_rejected" time="0.000" /><testcase classname="tests.test_validator.TestValidator" name="test_year_range_hyphen_passes" time="0.000" /><testcase classname="tests.test_validator.TestValidator" name="test_120_vs_80_rejects_ungrounded_metric" time="0.000" /><testcase classname="tests.test_validator.TestValidator" name="test_sealed_ead_opt_leaf_leak_rejects" time="0.000" /><testcase classname="tests.test_validator.TestRefusal" name="test_pmp_bait_refuses" time="0.001" /><testcase classname="tests.test_validator.TestRefusal" name="test_stanford_phd_refuses" time="0.000" /><testcase classname="tests.test_validator.TestRefusal" name="test_matlab_experience_is_allowed" time="0.001" /><testcase classname="tests.test_validator.TestRefusal" name="test_empty_instruction_returns_none" time="0.000" /></testsuite></testsuites>