<?xml version="1.0" encoding="utf-8"?><testsuites name="pytest tests"><testsuite name="pytest" errors="0" failures="0" skipped="0" tests="62" time="1.622" timestamp="2026-07-21T07:36:45.950975+00:00" hostname="agent-env-af7cc636-8506-4548-af82-a1a50aae0158"><testcase classname="tests.test_milestone_b_storage" name="test_backend_selected_matches_env" time="0.076" /><testcase classname="tests.test_milestone_b_storage" name="test_put_get_roundtrip" time="0.515" /><testcase classname="tests.test_milestone_b_storage" name="test_media_storage_provider_describe_never_leaks_secrets" time="0.000" /><testcase classname="tests.test_milestone_b_storage" name="test_media_storage_provider_test_connection_ok" time="0.034" /><testcase classname="tests.test_milestone_c_email.TestProviderStatus" name="test_resend_reports_configuration_required_without_keys" time="0.004" /><testcase classname="tests.test_milestone_c_email.TestProviderStatus" name="test_sendgrid_reports_configuration_required_without_keys" time="0.000" /><testcase classname="tests.test_milestone_c_email.TestProviderStatus" name="test_neither_provider_leaks_secrets" time="0.000" /><testcase classname="tests.test_milestone_c_email.TestSendHardFail" name="test_resend_send_without_key_raises" time="0.001" /><testcase classname="tests.test_milestone_c_email.TestSendHardFail" name="test_sendgrid_send_without_key_raises" time="0.001" /><testcase classname="tests.test_milestone_c_email.TestResendWebhookVerification" name="test_hard_fail_on_missing_secret" time="0.000" /><testcase classname="tests.test_milestone_c_email.TestResendWebhookVerification" name="test_hard_fail_on_missing_headers" time="0.000" /><testcase classname="tests.test_milestone_c_email.TestResendWebhookVerification" name="test_valid_signature_returns_verified" time="0.000" /><testcase classname="tests.test_milestone_c_email.TestResendWebhookVerification" name="test_bad_signature_rejected" time="0.000" /><testcase classname="tests.test_milestone_c_email.TestResendWebhookVerification" name="test_stale_timestamp_rejected" time="0.000" /><testcase classname="tests.test_milestone_c_email.TestSendGridWebhookVerification" name="test_hard_fail_on_missing_public_key" time="0.000" /><testcase classname="tests.test_milestone_c_email.TestSendGridWebhookVerification" name="test_valid_signature_returns_verified" time="0.003" /><testcase classname="tests.test_milestone_c_email.TestSendGridWebhookVerification" name="test_bad_signature_rejected" time="0.001" /><testcase classname="tests.test_milestone_c_email.TestWebhookRouteHardFail" name="test_provider_verify_webhook_hardfails_when_secret_unset" time="0.000" /><testcase classname="tests.test_milestone_d_twilio.TestProviderStatus" name="test_configuration_required_without_creds" time="0.003" /><testcase classname="tests.test_milestone_d_twilio.TestOtpFlowHardFail" name="test_start_verify_hardfails_without_creds" time="0.001" /><testcase classname="tests.test_milestone_d_twilio.TestOtpFlowHardFail" name="test_check_verify_hardfails_without_creds" time="0.001" /><testcase classname="tests.test_milestone_d_twilio.TestTwilioSignatureVerification" name="test_missing_token_hardfails" time="0.000" /><testcase classname="tests.test_milestone_d_twilio.TestTwilioSignatureVerification" name="test_missing_header_hardfails" time="0.000" /><testcase classname="tests.test_milestone_d_twilio.TestTwilioSignatureVerification" name="test_valid_signature_accepted" time="0.000" /><testcase classname="tests.test_milestone_d_twilio.TestTwilioSignatureVerification" name="test_bad_signature_rejected" time="0.000" /><testcase classname="tests.test_milestone_e_google.TestGoogleAuthProviderStatus" name="test_default_is_test_mode_or_connected" time="0.003" /><testcase classname="tests.test_milestone_e_google.TestGoogleAuthProviderStatus" name="test_disabled_by_env_reports_configuration_required" time="0.000" /><testcase classname="tests.test_milestone_e_google.TestStartGoogleSession" name="test_unknown_email_returns_pending_and_creates_no_user" time="0.230" /><testcase classname="tests.test_milestone_e_google.TestStartGoogleSession" name="test_existing_email_gets_linked_and_logged_in" time="0.244" /><testcase classname="tests.test_milestone_e_google.TestStartGoogleSession" name="test_invalid_session_id_hardfails" time="0.005" /><testcase classname="tests.test_milestone_e_google.TestCompleteGoogleSignup" name="test_missing_required_consent_rejected" time="0.004" /><testcase classname="tests.test_milestone_e_google.TestCompleteGoogleSignup" name="test_happy_path_creates_user_and_logs_in" time="0.011" /><testcase classname="tests.test_milestone_f_payments.TestPaymentStatusMatrix" name="test_stripe_test_mode" time="0.003" /><testcase classname="tests.test_milestone_f_payments.TestPaymentStatusMatrix" name="test_regionals_are_configuration_required" time="0.000" /><testcase classname="tests.test_milestone_f_payments.TestCreateOrderHardFail" name="test_razorpay_create_order_hardfails" time="0.001" /><testcase classname="tests.test_milestone_f_payments.TestCreateOrderHardFail" name="test_paystack_initialize_hardfails" time="0.001" /><testcase classname="tests.test_milestone_f_payments.TestCreateOrderHardFail" name="test_paypal_create_order_hardfails" time="0.001" /><testcase classname="tests.test_milestone_f_payments.TestStripeSignatureVerification" name="test_missing_secret_hardfails" time="0.000" /><testcase classname="tests.test_milestone_f_payments.TestStripeSignatureVerification" name="test_valid_signature_accepted" time="0.000" /><testcase classname="tests.test_milestone_f_payments.TestStripeSignatureVerification" name="test_bad_signature_rejected" time="0.000" /><testcase classname="tests.test_milestone_f_payments.TestStripeSignatureVerification" name="test_stale_timestamp_rejected" time="0.000" /><testcase classname="tests.test_milestone_f_payments.TestRazorpaySignatureVerification" name="test_missing_secret_hardfails" time="0.000" /><testcase classname="tests.test_milestone_f_payments.TestRazorpaySignatureVerification" name="test_valid_signature_accepted" time="0.000" /><testcase classname="tests.test_milestone_f_payments.TestRazorpaySignatureVerification" name="test_bad_signature_rejected" time="0.000" /><testcase classname="tests.test_milestone_f_payments.TestPaystackSignatureVerification" name="test_missing_secret_hardfails" time="0.000" /><testcase classname="tests.test_milestone_f_payments.TestPaystackSignatureVerification" name="test_valid_signature_accepted" time="0.000" /><testcase classname="tests.test_milestone_f_payments.TestPayPalWebhookHardFail" name="test_missing_webhook_id_hardfails" time="0.001" /><testcase classname="tests.test_milestone_f_payments.TestPayPalWebhookHardFail" name="test_missing_headers_hardfails" time="0.002" /><testcase classname="tests.test_milestone_g_ai_gateway.TestAIGatewayRouting" name="test_routes_to_openai_and_records_cost" time="0.009" /><testcase classname="tests.test_milestone_g_ai_gateway.TestAIGatewayRouting" name="test_records_cost_on_failure" time="0.005" /><testcase classname="tests.test_milestone_g_ai_gateway.TestAdapterHardFail" name="test_openai_chat_hardfails_without_emergent_key" time="0.000" /><testcase classname="tests.test_milestone_g_ai_gateway.TestGatewayUnknownProvider" name="test_unknown_slug_raises" time="0.001" /><testcase classname="tests.test_milestone_g_ai_gateway.TestGatewayUnknownProvider" name="test_non_ai_slug_raises" time="0.000" /><testcase classname="tests.test_milestone_h_webhooks.TestPaymentWebhookRoute" name="test_unknown_provider_returns_404" time="0.223" /><testcase classname="tests.test_milestone_h_webhooks.TestPaymentWebhookRoute" name="test_stripe_route_hard_fails_when_secret_unset" time="0.096" /><testcase classname="tests.test_milestone_h_webhooks.TestPaymentWebhookRoute" name="test_valid_stripe_signature_stores_and_dedupes" time="0.000" /><testcase classname="tests.test_milestone_h_webhooks.TestElevenLabs" name="test_configuration_required_without_key" time="0.000" /><testcase classname="tests.test_milestone_h_webhooks.TestElevenLabs" name="test_tts_hardfails_without_creds" time="0.001" /><testcase classname="tests.test_milestone_h_webhooks.TestExternalEventIdExtractor" name="test_stripe_style_id" time="0.002" /><testcase classname="tests.test_milestone_h_webhooks.TestExternalEventIdExtractor" name="test_razorpay_style_payment_entity_id" time="0.000" /><testcase classname="tests.test_milestone_h_webhooks.TestExternalEventIdExtractor" name="test_paystack_style_data_id" time="0.000" /><testcase classname="tests.test_milestone_h_webhooks.TestExternalEventIdExtractor" name="test_unparseable_falls_back_to_hash" time="0.000" /></testsuite></testsuites>