<?xml version="1.0" encoding="utf-8"?><testsuites name="pytest tests"><testsuite name="pytest" errors="0" failures="0" skipped="0" tests="23" time="5.905" timestamp="2026-07-21T05:32:28.895413+00:00" hostname="agent-env-af7cc636-8506-4548-af82-a1a50aae0158"><testcase classname="tests.test_milestone_a_integrations.TestIntegrationsList" name="test_admin_can_list_14_providers" time="0.521" /><testcase classname="tests.test_milestone_a_integrations.TestIntegrationsList" name="test_summary_counts_add_up" time="0.107" /><testcase classname="tests.test_milestone_a_integrations.TestIntegrationsList" name="test_support_can_read_list" time="0.420" /><testcase classname="tests.test_milestone_a_integrations.TestIntegrationsList" name="test_regular_user_forbidden" time="0.445" /><testcase classname="tests.test_milestone_a_integrations.TestIntegrationsList" name="test_anonymous_unauthorized" time="0.092" /><testcase classname="tests.test_milestone_a_integrations.TestIntegrationsList" name="test_list_response_has_no_secret_material" time="0.092" /><testcase classname="tests.test_milestone_a_integrations.TestIntegrationsList" name="test_status_snapshot_matches_env" time="0.090" /><testcase classname="tests.test_milestone_a_integrations.TestIntegrationDetail" name="test_admin_can_read_stripe_detail" time="0.097" /><testcase classname="tests.test_milestone_a_integrations.TestIntegrationDetail" name="test_support_can_read_detail" time="0.093" /><testcase classname="tests.test_milestone_a_integrations.TestIntegrationDetail" name="test_user_forbidden_on_detail" time="0.095" /><testcase classname="tests.test_milestone_a_integrations.TestIntegrationDetail" name="test_unknown_slug_404" time="0.100" /><testcase classname="tests.test_milestone_a_integrations.TestIntegrationWrites" name="test_admin_can_test_connection" time="0.548" /><testcase classname="tests.test_milestone_a_integrations.TestIntegrationWrites" name="test_support_cannot_test" time="0.095" /><testcase classname="tests.test_milestone_a_integrations.TestIntegrationWrites" name="test_anonymous_cannot_test" time="0.097" /><testcase classname="tests.test_milestone_a_integrations.TestIntegrationWrites" name="test_user_cannot_test" time="0.166" /><testcase classname="tests.test_milestone_a_integrations.TestIntegrationWrites" name="test_disable_then_enable_reverts_status" time="0.527" /><testcase classname="tests.test_milestone_a_integrations.TestIntegrationWrites" name="test_support_cannot_enable_or_disable" time="0.200" /><testcase classname="tests.test_milestone_a_integrations.TestIntegrationWrites" name="test_unknown_slug_write_404" time="0.298" /><testcase classname="tests.test_milestone_a_integrations.TestRegressionSpotChecks" name="test_cookie_login_me_logout" time="0.403" /><testcase classname="tests.test_milestone_a_integrations.TestRegressionSpotChecks" name="test_billing_checkout_stripe_test_mode" time="0.610" /><testcase classname="tests.test_milestone_a_integrations.TestRegressionSpotChecks" name="test_privacy_export_no_hash_leak" time="0.455" /><testcase classname="tests.test_milestone_a_integrations.TestRegressionSpotChecks" name="test_admin_user_search_and_sealed_mask" time="0.193" /><testcase classname="tests.test_milestone_a_integrations.TestRegressionSpotChecks" name="test_admin_application_submit_pipeline_spotcheck" time="0.106" /></testsuite></testsuites>