<?xml version="1.0" encoding="utf-8"?><testsuites name="pytest tests"><testsuite name="pytest" errors="0" failures="0" skipped="0" tests="9" time="16.120" timestamp="2026-07-20T09:43:47.966104+00:00" hostname="agent-env-af7cc636-8506-4548-af82-a1a50aae0158"><testcase classname="tests.test_phase4_e2e" name="test_feed_geometry_9_6" time="0.581" /><testcase classname="tests.test_phase4_e2e" name="test_prepare_grounded_lines" time="7.963" /><testcase classname="tests.test_phase4_e2e" name="test_pmp_bait_refusal" time="6.030" /><testcase classname="tests.test_phase4_e2e" name="test_ready_for_approval_gate" time="0.046" /><testcase classname="tests.test_phase4_e2e" name="test_demographic_answer_400" time="0.093" /><testcase classname="tests.test_phase4_e2e" name="test_sensitive_generate_400" time="0.090" /><testcase classname="tests.test_phase4_e2e" name="test_answer_sensitive_and_ready_for_approval" time="0.193" /><testcase classname="tests.test_phase4_e2e" name="test_pdf_docx_export" time="0.132" /><testcase classname="tests.test_phase4_e2e" name="test_consent_gate_on_prepare" time="0.949" /></testsuite></testsuites>