<?xml version="1.0" encoding="utf-8"?><testsuites name="pytest tests"><testsuite name="pytest" errors="0" failures="0" skipped="0" tests="42" time="6.677" timestamp="2026-07-20T06:25:20.870584+00:00" hostname="agent-env-af7cc636-8506-4548-af82-a1a50aae0158"><testcase classname="tests.test_gate_engine" name="test_gate_engine_enumerates_14_gates_by_exact_name" time="0.001" /><testcase classname="tests.test_gate_engine" name="test_authorization_scope_gate_passes_but_is_declared" time="0.000" /><testcase classname="tests.test_gate_engine" name="test_itar_gate_fails_for_non_us_person" time="0.000" /><testcase classname="tests.test_gate_engine" name="test_sponsorship_gate_fails_when_needed_but_not_offered" time="0.000" /><testcase classname="tests.test_gate_engine" name="test_duplicate_gate_fails_when_open_app_exists" time="0.000" /><testcase classname="tests.test_gate_engine" name="test_scoring_weights_sum_to_100_and_version_is_v01" time="0.000" /><testcase classname="tests.test_gate_engine" name="test_scoring_renormalizes_unknowns_and_gate_fail_caps_score" time="0.000" /><testcase classname="tests.test_gate_engine" name="test_scoring_positive_path_when_all_pass" time="0.001" /><testcase classname="tests.test_gate_engine" name="test_gate_engine_never_uses_zip_or_age" time="0.005" /><testcase classname="tests.test_indexes" name="test_unique_canonical_key_blocks_duplicate_ingest" time="0.066" /><testcase classname="tests.test_indexes" name="test_unique_submission_receipt_blocks_duplicate" time="0.061" /><testcase classname="tests.test_indexes" name="test_unique_usage_meter_per_period" time="0.056" /><testcase classname="tests.test_indexes" name="test_unique_open_application_partial_index_allows_closed" time="0.057" /><testcase classname="tests.test_phase3_integration" name="test_health_phase3_and_mongo" time="0.148" /><testcase classname="tests.test_phase3_integration" name="test_openapi_exposes_all_phase3_paths" time="0.123" /><testcase classname="tests.test_phase3_integration" name="test_internal_ingest_missing_token_returns_401" time="0.097" /><testcase classname="tests.test_phase3_integration" name="test_internal_ingest_wrong_token_returns_403" time="0.106" /><testcase classname="tests.test_phase3_integration" name="test_internal_ingest_503_code_path_exists" time="0.000" /><testcase classname="tests.test_phase3_integration" name="test_internal_ingest_response_never_echoes_token" time="0.099" /><testcase classname="tests.test_phase3_integration" name="test_internal_ingest_accept_then_update_then_direct_dup" time="0.197" /><testcase classname="tests.test_phase3_integration" name="test_fresh_signup_feed_returns_passport_not_activated" time="0.540" /><testcase classname="tests.test_phase3_integration" name="test_feed_returns_expected_structure_for_activated_user" time="0.563" /><testcase classname="tests.test_phase3_integration" name="test_job_detail_enumerates_14_gates_in_exact_order" time="0.104" /><testcase classname="tests.test_phase3_integration" name="test_authorization_scope_gate_always_pass_with_phase3_detail" time="0.107" /><testcase classname="tests.test_phase3_integration" name="test_gate_parity_between_coverage_preview_and_feed" time="0.323" /><testcase classname="tests.test_phase3_integration" name="test_import_aggregator_hosts_return_409[https://www.linkedin.com/jobs/view/12345-linkedin.com]" time="0.105" /><testcase classname="tests.test_phase3_integration" name="test_import_aggregator_hosts_return_409[https://www.indeed.com/viewjob?jk=xxx-indeed.com]" time="0.099" /><testcase classname="tests.test_phase3_integration" name="test_import_aggregator_hosts_return_409[https://joinhandshake.com/jobs/12345-joinhandshake.com]" time="0.095" /><testcase classname="tests.test_phase3_integration" name="test_import_real_employer_url_returns_201_derived" time="0.093" /><testcase classname="tests.test_phase3_integration" name="test_consent_gate_on_feed_and_import" time="0.524" /><testcase classname="tests.test_phase3_integration" name="test_shortlist_and_duplicate_returns_409" time="0.303" /><testcase classname="tests.test_phase3_integration" name="test_atomic_state_transitions_ok_conflict_and_invalid" time="0.554" /><testcase classname="tests.test_phase3_integration" name="test_match_score_and_feedback" time="0.691" /><testcase classname="tests.test_phase3_integration" name="test_usage_meter_increments_only_for_new_scores" time="0.407" /><testcase classname="tests.test_phase3_integration" name="test_idempotency_replay_on_shortlist" time="0.297" /><testcase classname="tests.test_phase3_integration" name="test_idempotency_replay_on_state_transition" time="0.406" /><testcase classname="tests.test_phase3_integration" name="test_sample_seed_integrity" time="0.001" /><testcase classname="tests.test_phase3_integration" name="test_feed_sample_rows_are_flagged" time="0.095" /><testcase classname="tests.test_phase3_integration" name="test_applications_list_returns_all_rows" time="0.113" /><testcase classname="tests.test_phase3_integration" name="test_llm_cost_service_passes_user_id" time="0.000" /><testcase classname="tests.test_phase3_integration" name="test_llm_cost_row_shape_if_present" time="0.001" /><testcase classname="tests.test_phase3_integration" name="test_submission_receipts_service_has_no_update_or_delete" time="0.001" /></testsuite></testsuites>