<?xml version="1.0" encoding="utf-8"?><testsuites name="pytest tests"><testsuite name="pytest" errors="0" failures="0" skipped="0" tests="36" time="8.915" timestamp="2026-07-20T13:29:53.433672+00:00" hostname="agent-env-af7cc636-8506-4548-af82-a1a50aae0158"><testcase classname="tests.test_phase6_acceptance.TestStartup" name="test_health" time="0.245" /><testcase classname="tests.test_phase6_acceptance.TestAuthHardening" name="test_login_sets_cookies" time="0.326" /><testcase classname="tests.test_phase6_acceptance.TestAuthHardening" name="test_admin_login_samesite_strict" time="0.343" /><testcase classname="tests.test_phase6_acceptance.TestAuthHardening" name="test_me_with_cookies_only" time="0.392" /><testcase classname="tests.test_phase6_acceptance.TestAuthHardening" name="test_csrf_missing_header_returns_403" time="0.377" /><testcase classname="tests.test_phase6_acceptance.TestAuthHardening" name="test_csrf_with_matching_header_bypasses" time="0.496" /><testcase classname="tests.test_phase6_acceptance.TestAuthHardening" name="test_bearer_bypasses_csrf" time="0.476" /><testcase classname="tests.test_phase6_acceptance.TestAuthHardening" name="test_logout_revokes_session" time="0.437" /><testcase classname="tests.test_phase6_acceptance.TestAdminConsole" name="test_admin_users_list" time="0.427" /><testcase classname="tests.test_phase6_acceptance.TestAdminConsole" name="test_admin_user_detail_writes_audit" time="0.224" /><testcase classname="tests.test_phase6_acceptance.TestAdminConsole" name="test_admin_user_detail_never_leaks_password_hash" time="0.644" /><testcase classname="tests.test_phase6_acceptance.TestAdminConsole" name="test_admin_user_detail_masks_sealed_data" time="0.336" /><testcase classname="tests.test_phase6_acceptance.TestAdminConsole" name="test_admin_health_shape" time="0.104" /><testcase classname="tests.test_phase6_acceptance.TestSupportReadOnly" name="test_support_can_read_admin" time="0.099" /><testcase classname="tests.test_phase6_acceptance.TestSupportReadOnly" name="test_support_cannot_refund" time="0.099" /><testcase classname="tests.test_phase6_acceptance.TestSupportReadOnly" name="test_support_cannot_toggle_flag" time="0.125" /><testcase classname="tests.test_phase6_acceptance.TestSupportReadOnly" name="test_support_cannot_resolve_queue" time="0.093" /><testcase classname="tests.test_phase6_acceptance.TestSupportReadOnly" name="test_support_can_reply_ticket" time="0.208" /><testcase classname="tests.test_phase6_acceptance.TestAdminRefund" name="test_invalid_reason_400" time="0.103" /><testcase classname="tests.test_phase6_acceptance.TestAdminRefund" name="test_valid_refund_writes_audit" time="0.123" /><testcase classname="tests.test_phase6_acceptance.TestFeatureFlag" name="test_toggle_off_then_on" time="0.211" /><testcase classname="tests.test_phase6_acceptance.TestManualQueue" name="test_seed_and_resolve" time="0.102" /><testcase classname="tests.test_phase6_acceptance.TestBilling" name="test_catalog" time="0.095" /><testcase classname="tests.test_phase6_acceptance.TestBilling" name="test_usage_me" time="0.101" /><testcase classname="tests.test_phase6_acceptance.TestBilling" name="test_coupon_apply" time="0.099" /><testcase classname="tests.test_phase6_acceptance.TestBilling" name="test_checkout" time="0.641" /><testcase classname="tests.test_phase6_acceptance.TestPrivacy" name="test_consents_shape" time="0.101" /><testcase classname="tests.test_phase6_acceptance.TestPrivacy" name="test_export_flow" time="0.346" /><testcase classname="tests.test_phase6_acceptance.TestPrivacy" name="test_soft_delete_and_login_block" time="0.750" /><testcase classname="tests.test_phase6_acceptance.TestGates" name="test_feed_geometry_and_gates" time="0.276" /><testcase classname="tests.test_phase6_acceptance.TestReceiptsUnique" name="test_unique_index_exists" time="0.001" /><testcase classname="tests.test_phase6_acceptance.TestReceiptsUnique" name="test_concurrent_duplicate_insert" time="0.002" /><testcase classname="tests.test_phase6_acceptance.TestLinkImport" name="test_blocklist_returns_409[https://linkedin.com/jobs/view/xyz]" time="0.099" /><testcase classname="tests.test_phase6_acceptance.TestLinkImport" name="test_blocklist_returns_409[https://www.indeed.com/viewjob?jk=abc]" time="0.101" /><testcase classname="tests.test_phase6_acceptance.TestLinkImport" name="test_blocklist_returns_409[https://joinhandshake.com/jobs/12345]" time="0.127" /><testcase classname="tests.test_phase6_acceptance.TestSampleExclusion" name="test_funnel_totals_vs_sample" time="0.103" /></testsuite></testsuites>