<?xml version="1.0" encoding="utf-8"?><testsuites name="pytest tests"><testsuite name="pytest" errors="0" failures="0" skipped="0" tests="119" time="170.034" timestamp="2026-07-20T11:30:48.791005+00:00" hostname="agent-env-af7cc636-8506-4548-af82-a1a50aae0158"><testcase classname="tests.test_fixture_acceptance_b.TestFixtureLogin" name="test_fixture_login_returns_access_token" time="0.524" /><testcase classname="tests.test_fixture_acceptance_b.TestFixtureRebaseline" name="test_applications_empty_on_start" time="0.360" /><testcase classname="tests.test_fixture_acceptance_b.TestFixtureRebaseline" name="test_usage_meter_starts_at_zero" time="0.045" /><testcase classname="tests.test_fixture_acceptance_b.TestFixtureRebaseline" name="test_preferences_are_seeded" time="0.044" /><testcase classname="tests.test_fixture_acceptance_b.TestFixtureRebaseline" name="test_eligibility_is_seeded" time="0.045" /><testcase classname="tests.test_fixture_acceptance_b.TestFixtureRebaseline" name="test_claims_all_approved_covering_core" time="0.045" /><testcase classname="tests.test_fixture_acceptance_b.TestAcceptanceGeometry" name="test_feed_weights_and_totals_exact" time="0.056" /><testcase classname="tests.test_fixture_acceptance_b.TestAcceptanceGeometry" name="test_feed_fail_reason_counts_exact" time="0.000" /><testcase classname="tests.test_fixture_acceptance_b.TestAcceptanceGeometry" name="test_coverage_preview_parity" time="0.051" /><testcase classname="tests.test_fixture_acceptance_b.TestPassingJobsDetail" name="test_passing_jobs_have_score_and_top_reasons" time="0.000" /><testcase classname="tests.test_fixture_acceptance_b.TestMatchModal" name="test_match_modal_full_shape" time="0.046" /><testcase classname="tests.test_fixture_acceptance_b.TestShortlistFlow" name="test_01_shortlist_happy_path" time="0.736" /><testcase classname="tests.test_fixture_acceptance_b.TestShortlistFlow" name="test_02_shortlist_duplicate_409" time="0.088" /><testcase classname="tests.test_fixture_acceptance_b.TestShortlistFlow" name="test_03_shortlist_idempotency_replay" time="0.085" /><testcase classname="tests.test_fixture_acceptance_b.TestHideFlow" name="test_hide_removes_from_feed_and_shortlist_shows_in_excluded" time="0.098" /><testcase classname="tests.test_fixture_acceptance_b.TestStateTransition" name="test_atomic_transition_and_precondition_failed" time="0.086" /><testcase classname="tests.test_fixture_acceptance_b.TestUserZeroCleanup" name="test_user_zero_prefs_and_eligibility_wiped" time="0.412" /><testcase classname="tests.test_fixture_acceptance_b.TestUserZeroCleanup" name="test_user_zero_applications_empty" time="0.044" /><testcase classname="tests.test_fixture_acceptance_b.TestUserZeroCleanup" name="test_user_zero_claims_still_present" time="0.046" /><testcase classname="tests.test_fixture_acceptance_b.TestImportsResolverLabel" name="test_import_returns_resolver_label" time="0.085" /><testcase classname="tests.test_fixture_acceptance_b.TestSampleCoIntegrity" name="test_all_15_sample_jobs_exist" time="0.146" /><testcase classname="tests.test_fixture_acceptance_b.TestSampleCoIntegrity" name="test_sample_13_gates_shape_itar_fail_location_pass" time="0.197" /><testcase classname="tests.test_fixture_acceptance_b.TestSampleCoIntegrity" name="test_sample_09_gates_itar_fail_location_pass" time="0.201" /><testcase classname="tests.test_fixture_acceptance_b.TestZZCleanup" name="test_close_shortlisted_application" time="0.046" /><testcase classname="tests.test_gate_engine" name="test_gate_engine_enumerates_14_gates_by_exact_name" time="0.001" /><testcase classname="tests.test_gate_engine" name="test_authorization_scope_gate_passes_but_is_declared" time="0.000" /><testcase classname="tests.test_gate_engine" name="test_itar_gate_fails_for_non_us_person" time="0.000" /><testcase classname="tests.test_gate_engine" name="test_sponsorship_gate_fails_when_needed_but_not_offered" time="0.000" /><testcase classname="tests.test_gate_engine" name="test_duplicate_gate_fails_when_open_app_exists" time="0.000" /><testcase classname="tests.test_gate_engine" name="test_scoring_weights_sum_to_100_and_version_is_v01" time="0.000" /><testcase classname="tests.test_gate_engine" name="test_scoring_renormalizes_unknowns_and_gate_fail_caps_score" time="0.000" /><testcase classname="tests.test_gate_engine" name="test_scoring_positive_path_when_all_pass" time="0.001" /><testcase classname="tests.test_gate_engine" name="test_gate_engine_never_uses_zip_or_age" time="0.005" /><testcase classname="tests.test_indexes" name="test_unique_canonical_key_blocks_duplicate_ingest" time="0.071" /><testcase classname="tests.test_indexes" name="test_unique_submission_receipt_blocks_duplicate" time="0.061" /><testcase classname="tests.test_indexes" name="test_unique_usage_meter_per_period" time="0.060" /><testcase classname="tests.test_indexes" name="test_unique_open_application_partial_index_allows_closed" time="0.063" /><testcase classname="tests.test_phase3_integration" name="test_health_phase3_and_mongo" time="0.227" /><testcase classname="tests.test_phase3_integration" name="test_openapi_exposes_all_phase3_paths" time="0.101" /><testcase classname="tests.test_phase3_integration" name="test_internal_ingest_missing_token_returns_401" time="0.098" /><testcase classname="tests.test_phase3_integration" name="test_internal_ingest_wrong_token_returns_403" time="0.098" /><testcase classname="tests.test_phase3_integration" name="test_internal_ingest_503_code_path_exists" time="0.000" /><testcase classname="tests.test_phase3_integration" name="test_internal_ingest_response_never_echoes_token" time="0.092" /><testcase classname="tests.test_phase3_integration" name="test_internal_ingest_accept_then_update_then_direct_dup" time="0.277" /><testcase classname="tests.test_phase3_integration" name="test_fresh_signup_feed_returns_passport_not_activated" time="0.542" /><testcase classname="tests.test_phase3_integration" name="test_feed_returns_expected_structure_for_activated_user" time="0.521" /><testcase classname="tests.test_phase3_integration" name="test_job_detail_enumerates_14_gates_in_exact_order" time="0.104" /><testcase classname="tests.test_phase3_integration" name="test_authorization_scope_gate_always_pass_with_phase3_detail" time="0.101" /><testcase classname="tests.test_phase3_integration" name="test_gate_parity_between_coverage_preview_and_feed" time="0.304" /><testcase classname="tests.test_phase3_integration" name="test_import_aggregator_hosts_return_409[https://www.linkedin.com/jobs/view/12345-linkedin.com]" time="0.109" /><testcase classname="tests.test_phase3_integration" name="test_import_aggregator_hosts_return_409[https://www.indeed.com/viewjob?jk=xxx-indeed.com]" time="0.097" /><testcase classname="tests.test_phase3_integration" name="test_import_aggregator_hosts_return_409[https://joinhandshake.com/jobs/12345-joinhandshake.com]" time="0.091" /><testcase classname="tests.test_phase3_integration" name="test_import_real_employer_url_returns_201_derived" time="0.102" /><testcase classname="tests.test_phase3_integration" name="test_consent_gate_on_feed_and_import" time="0.515" /><testcase classname="tests.test_phase3_integration" name="test_shortlist_and_duplicate_returns_409" time="0.285" /><testcase classname="tests.test_phase3_integration" name="test_atomic_state_transitions_ok_conflict_and_invalid" time="0.519" /><testcase classname="tests.test_phase3_integration" name="test_match_score_and_feedback" time="0.671" /><testcase classname="tests.test_phase3_integration" name="test_usage_meter_increments_only_for_new_scores" time="0.417" /><testcase classname="tests.test_phase3_integration" name="test_idempotency_replay_on_shortlist" time="0.290" /><testcase classname="tests.test_phase3_integration" name="test_idempotency_replay_on_state_transition" time="0.386" /><testcase classname="tests.test_phase3_integration" name="test_sample_seed_integrity" time="0.002" /><testcase classname="tests.test_phase3_integration" name="test_feed_sample_rows_are_flagged" time="0.103" /><testcase classname="tests.test_phase3_integration" name="test_applications_list_returns_all_rows" time="0.092" /><testcase classname="tests.test_phase3_integration" name="test_llm_cost_service_passes_user_id" time="0.000" /><testcase classname="tests.test_phase3_integration" name="test_llm_cost_row_shape_if_present" time="0.001" /><testcase classname="tests.test_phase3_integration" name="test_submission_receipts_service_has_no_update_or_delete" time="0.001" /><testcase classname="tests.test_phase4_e2e" name="test_feed_geometry_9_6" time="0.490" /><testcase classname="tests.test_phase4_e2e" name="test_prepare_grounded_lines" time="7.603" /><testcase classname="tests.test_phase4_e2e" name="test_pmp_bait_refusal" time="6.814" /><testcase classname="tests.test_phase4_e2e" name="test_ready_for_approval_gate" time="0.046" /><testcase classname="tests.test_phase4_e2e" name="test_demographic_answer_400" time="0.093" /><testcase classname="tests.test_phase4_e2e" name="test_sensitive_generate_400" time="0.097" /><testcase classname="tests.test_phase4_e2e" name="test_answer_sensitive_and_ready_for_approval" time="0.198" /><testcase classname="tests.test_phase4_e2e" name="test_pdf_docx_export" time="0.146" /><testcase classname="tests.test_phase4_e2e" name="test_consent_gate_on_prepare" time="0.992" /><testcase classname="tests.test_phase5_e2e" name="test_full_check_e_happy_path" time="11.545" /><testcase classname="tests.test_phase5_e2e" name="test_duplicate_receipt_blocks_second_submission" time="6.991" /><testcase classname="tests.test_phase5_e2e" name="test_authorization_expired_blocks_submit" time="8.574" /><testcase classname="tests.test_phase5_e2e" name="test_authorization_revoked_blocks_submit" time="8.206" /><testcase classname="tests.test_phase5_e2e" name="test_materials_changed_blocks_submit" time="8.064" /><testcase classname="tests.test_phase5_e2e" name="test_daily_cap_blocks_over_limit" time="7.164" /><testcase classname="tests.test_phase5_e2e" name="test_tracker_outcomes_and_qi" time="10.186" /><testcase classname="tests.test_phase5_e2e" name="test_schedule_interview_from_illegal_state_rejects_transition_but_persists_row" time="23.534" /><testcase classname="tests.test_phase5_e2e" name="test_inbound_webhook_token_and_idempotency" time="23.978" /><testcase classname="tests.test_phase5_e2e" name="test_analytics_funnel" time="17.064" /><testcase classname="tests.test_phase5_e2e" name="test_track_applications_consent_gate" time="0.617" /><testcase classname="tests.test_phase5_e2e" name="test_duplicate_submit_returns_409_with_parseable_prior_receipt" time="8.290" /><testcase classname="tests.test_receipts_immutability" name="test_receipt_module_exposes_no_mutation_functions" time="0.001" /><testcase classname="tests.test_receipts_immutability" name="test_duplicate_receipt_raises_by_unique_index" time="0.004" /><testcase classname="tests.test_receipts_immutability" name="test_supersedes_chain_keeps_original_row" time="0.007" /><testcase classname="tests.test_round2_e2e_verification" name="test_p0_1_rebase_auth_semantics" time="0.297" /><testcase classname="tests.test_round2_e2e_verification" name="test_p0_1_rebase_wipes_state" time="1.547" /><testcase classname="tests.test_round2_e2e_verification" name="test_p0_2_parity_clean_baseline" time="0.628" /><testcase classname="tests.test_round2_e2e_verification" name="test_p0_2_parity_after_mutations" time="0.944" /><testcase classname="tests.test_round2_e2e_verification" name="test_p0_3_weight_ideal_sum_100" time="0.633" /><testcase classname="tests.test_round2_e2e_verification" name="test_p1_4_feedback_round_trip" time="1.067" /><testcase classname="tests.test_round2_e2e_verification" name="test_user_zero_stays_pristine" time="0.851" /><testcase classname="tests.test_round2_parity_rebase_feedback" name="test_rebase_missing_token_401" time="0.204" /><testcase classname="tests.test_round2_parity_rebase_feedback" name="test_rebase_wrong_token_403" time="0.089" /><testcase classname="tests.test_round2_parity_rebase_feedback" name="test_rebase_correct_token_200_and_never_echoes_secret" time="0.109" /><testcase classname="tests.test_round2_parity_rebase_feedback" name="test_parity_clean_baseline" time="0.627" /><testcase classname="tests.test_round2_parity_rebase_feedback" name="test_parity_after_mutations" time="1.196" /><testcase classname="tests.test_round2_parity_rebase_feedback" name="test_feedback_round_trip_visible_on_get" time="1.038" /><testcase classname="tests.test_validator.TestValidator" name="test_empty_claim_ids_rejected" time="0.000" /><testcase classname="tests.test_validator.TestValidator" name="test_unapproved_claim_id_rejected" time="0.000" /><testcase classname="tests.test_validator.TestValidator" name="test_number_mismatch_rejected" time="0.000" /><testcase classname="tests.test_validator.TestValidator" name="test_date_mismatch_rejected" time="0.000" /><testcase classname="tests.test_validator.TestValidator" name="test_date_match_allowed" time="0.000" /><testcase classname="tests.test_validator.TestValidator" name="test_sensitive_leak_blocks_sealed_value_in_text" time="0.000" /><testcase classname="tests.test_validator.TestValidator" name="test_sensitive_leak_permitted_with_per_app_approval" time="0.000" /><testcase classname="tests.test_validator.TestValidator" name="test_passing_line_normalizes_correctly" time="0.000" /><testcase classname="tests.test_validator.TestValidator" name="test_malformed_line_rejected" time="0.000" /><testcase classname="tests.test_validator.TestValidator" name="test_year_range_hyphen_passes" time="0.000" /><testcase classname="tests.test_validator.TestValidator" name="test_120_vs_80_rejects_ungrounded_metric" time="0.000" /><testcase classname="tests.test_validator.TestValidator" name="test_sealed_ead_opt_leaf_leak_rejects" time="0.000" /><testcase classname="tests.test_validator.TestRefusal" name="test_pmp_bait_refuses" time="0.001" /><testcase classname="tests.test_validator.TestRefusal" name="test_stanford_phd_refuses" time="0.000" /><testcase classname="tests.test_validator.TestRefusal" name="test_matlab_experience_is_allowed" time="0.000" /><testcase classname="tests.test_validator.TestRefusal" name="test_empty_instruction_returns_none" time="0.000" /></testsuite></testsuites>