<?xml version="1.0" encoding="utf-8"?><testsuites name="pytest tests"><testsuite name="pytest" errors="0" failures="0" skipped="1" tests="29" time="6.388" timestamp="2026-07-20T06:24:41.008728+00:00" hostname="agent-env-af7cc636-8506-4548-af82-a1a50aae0158"><testcase classname="tests.test_phase3_integration" name="test_health_phase3_and_mongo" time="0.155" /><testcase classname="tests.test_phase3_integration" name="test_openapi_exposes_all_phase3_paths" time="0.115" /><testcase classname="tests.test_phase3_integration" name="test_internal_ingest_missing_token_returns_401" time="0.094" /><testcase classname="tests.test_phase3_integration" name="test_internal_ingest_wrong_token_returns_403" time="0.096" /><testcase classname="tests.test_phase3_integration" name="test_internal_ingest_503_code_path_exists" time="0.000" /><testcase classname="tests.test_phase3_integration" name="test_internal_ingest_response_never_echoes_token" time="0.100" /><testcase classname="tests.test_phase3_integration" name="test_internal_ingest_accept_then_update_then_direct_dup" time="0.194" /><testcase classname="tests.test_phase3_integration" name="test_fresh_signup_feed_returns_passport_not_activated" time="0.528" /><testcase classname="tests.test_phase3_integration" name="test_feed_returns_expected_structure_for_activated_user" time="0.522" /><testcase classname="tests.test_phase3_integration" name="test_job_detail_enumerates_14_gates_in_exact_order" time="0.099" /><testcase classname="tests.test_phase3_integration" name="test_authorization_scope_gate_always_pass_with_phase3_detail" time="0.099" /><testcase classname="tests.test_phase3_integration" name="test_gate_parity_between_coverage_preview_and_feed" time="0.801" /><testcase classname="tests.test_phase3_integration" name="test_import_aggregator_hosts_return_409[https://www.linkedin.com/jobs/view/12345-linkedin.com]" time="0.090" /><testcase classname="tests.test_phase3_integration" name="test_import_aggregator_hosts_return_409[https://www.indeed.com/viewjob?jk=xxx-indeed.com]" time="0.100" /><testcase classname="tests.test_phase3_integration" name="test_import_aggregator_hosts_return_409[https://joinhandshake.com/jobs/12345-joinhandshake.com]" time="0.096" /><testcase classname="tests.test_phase3_integration" name="test_import_real_employer_url_returns_201_derived" time="0.095" /><testcase classname="tests.test_phase3_integration" name="test_consent_gate_on_feed_and_import" time="0.526" /><testcase classname="tests.test_phase3_integration" name="test_shortlist_and_duplicate_returns_409" time="0.318" /><testcase classname="tests.test_phase3_integration" name="test_atomic_state_transitions_ok_conflict_and_invalid" time="0.500" /><testcase classname="tests.test_phase3_integration" name="test_match_score_and_feedback" time="0.395"><skipped type="pytest.skip" message="No passing jobs for User Zero in current eligibility state; skipping score retrieval">/app/backend/tests/test_phase3_integration.py:455: No passing jobs for User Zero in current eligibility state; skipping score retrieval</skipped></testcase><testcase classname="tests.test_phase3_integration" name="test_usage_meter_increments_only_for_new_scores" time="0.417" /><testcase classname="tests.test_phase3_integration" name="test_idempotency_replay_on_shortlist" time="0.324" /><testcase classname="tests.test_phase3_integration" name="test_idempotency_replay_on_state_transition" time="0.389" /><testcase classname="tests.test_phase3_integration" name="test_sample_seed_integrity" time="0.001" /><testcase classname="tests.test_phase3_integration" name="test_feed_sample_rows_are_flagged" time="0.099" /><testcase classname="tests.test_phase3_integration" name="test_applications_list_returns_all_rows" time="0.095" /><testcase classname="tests.test_phase3_integration" name="test_llm_cost_service_passes_user_id" time="0.000" /><testcase classname="tests.test_phase3_integration" name="test_llm_cost_row_shape_if_present" time="0.001" /><testcase classname="tests.test_phase3_integration" name="test_submission_receipts_service_has_no_update_or_delete" time="0.001" /></testsuite></testsuites>