<?xml version="1.0" encoding="utf-8"?><testsuites name="pytest tests"><testsuite name="pytest" errors="0" failures="0" skipped="0" tests="34" time="8.393" timestamp="2026-07-20T12:53:04.675701+00:00" hostname="agent-env-af7cc636-8506-4548-af82-a1a50aae0158"><testcase classname="tests.test_phase6_acceptance.TestStartup" name="test_health" time="0.161" /><testcase classname="tests.test_phase6_acceptance.TestAuthHardening" name="test_login_sets_cookies" time="0.333" /><testcase classname="tests.test_phase6_acceptance.TestAuthHardening" name="test_admin_login_samesite_strict" time="0.337" /><testcase classname="tests.test_phase6_acceptance.TestAuthHardening" name="test_me_with_cookies_only" time="0.369" /><testcase classname="tests.test_phase6_acceptance.TestAuthHardening" name="test_csrf_missing_header_returns_403" time="0.380" /><testcase classname="tests.test_phase6_acceptance.TestAuthHardening" name="test_csrf_with_matching_header_bypasses" time="0.454" /><testcase classname="tests.test_phase6_acceptance.TestAuthHardening" name="test_bearer_bypasses_csrf" time="0.450" /><testcase classname="tests.test_phase6_acceptance.TestAuthHardening" name="test_logout_revokes_session" time="0.430" /><testcase classname="tests.test_phase6_acceptance.TestAdminConsole" name="test_admin_users_list" time="0.427" /><testcase classname="tests.test_phase6_acceptance.TestAdminConsole" name="test_admin_user_detail_writes_audit" time="0.216" /><testcase classname="tests.test_phase6_acceptance.TestAdminConsole" name="test_admin_health_shape" time="0.110" /><testcase classname="tests.test_phase6_acceptance.TestSupportReadOnly" name="test_support_can_read_admin" time="0.804" /><testcase classname="tests.test_phase6_acceptance.TestSupportReadOnly" name="test_support_cannot_refund" time="0.100" /><testcase classname="tests.test_phase6_acceptance.TestSupportReadOnly" name="test_support_cannot_toggle_flag" time="0.101" /><testcase classname="tests.test_phase6_acceptance.TestSupportReadOnly" name="test_support_cannot_resolve_queue" time="0.100" /><testcase classname="tests.test_phase6_acceptance.TestSupportReadOnly" name="test_support_can_reply_ticket" time="0.231" /><testcase classname="tests.test_phase6_acceptance.TestAdminRefund" name="test_invalid_reason_400" time="0.116" /><testcase classname="tests.test_phase6_acceptance.TestAdminRefund" name="test_valid_refund_writes_audit" time="0.112" /><testcase classname="tests.test_phase6_acceptance.TestFeatureFlag" name="test_toggle_off_then_on" time="0.205" /><testcase classname="tests.test_phase6_acceptance.TestManualQueue" name="test_seed_and_resolve" time="0.096" /><testcase classname="tests.test_phase6_acceptance.TestBilling" name="test_catalog" time="0.105" /><testcase classname="tests.test_phase6_acceptance.TestBilling" name="test_usage_me" time="0.100" /><testcase classname="tests.test_phase6_acceptance.TestBilling" name="test_coupon_apply" time="0.101" /><testcase classname="tests.test_phase6_acceptance.TestBilling" name="test_checkout" time="0.751" /><testcase classname="tests.test_phase6_acceptance.TestPrivacy" name="test_consents_shape" time="0.098" /><testcase classname="tests.test_phase6_acceptance.TestPrivacy" name="test_export_flow" time="0.203" /><testcase classname="tests.test_phase6_acceptance.TestPrivacy" name="test_soft_delete_and_login_block" time="0.758" /><testcase classname="tests.test_phase6_acceptance.TestGates" name="test_feed_geometry_and_gates" time="0.221" /><testcase classname="tests.test_phase6_acceptance.TestReceiptsUnique" name="test_unique_index_exists" time="0.001" /><testcase classname="tests.test_phase6_acceptance.TestReceiptsUnique" name="test_concurrent_duplicate_insert" time="0.002" /><testcase classname="tests.test_phase6_acceptance.TestLinkImport" name="test_blocklist_returns_409[https://linkedin.com/jobs/view/xyz]" time="0.106" /><testcase classname="tests.test_phase6_acceptance.TestLinkImport" name="test_blocklist_returns_409[https://www.indeed.com/viewjob?jk=abc]" time="0.101" /><testcase classname="tests.test_phase6_acceptance.TestLinkImport" name="test_blocklist_returns_409[https://joinhandshake.com/jobs/12345]" time="0.100" /><testcase classname="tests.test_phase6_acceptance.TestSampleExclusion" name="test_funnel_totals_vs_sample" time="0.101" /></testsuite></testsuites>