<?xml version="1.0" encoding="utf-8"?><testsuites name="pytest tests"><testsuite name="pytest" errors="0" failures="0" skipped="0" tests="13" time="0.401" timestamp="2026-07-20T06:21:24.007060+00:00" hostname="agent-env-af7cc636-8506-4548-af82-a1a50aae0158"><testcase classname="tests.test_gate_engine" name="test_gate_engine_enumerates_14_gates_by_exact_name" time="0.001" /><testcase classname="tests.test_gate_engine" name="test_authorization_scope_gate_passes_but_is_declared" time="0.000" /><testcase classname="tests.test_gate_engine" name="test_itar_gate_fails_for_non_us_person" time="0.000" /><testcase classname="tests.test_gate_engine" name="test_sponsorship_gate_fails_when_needed_but_not_offered" time="0.000" /><testcase classname="tests.test_gate_engine" name="test_duplicate_gate_fails_when_open_app_exists" time="0.000" /><testcase classname="tests.test_gate_engine" name="test_scoring_weights_sum_to_100_and_version_is_v01" time="0.000" /><testcase classname="tests.test_gate_engine" name="test_scoring_renormalizes_unknowns_and_gate_fail_caps_score" time="0.000" /><testcase classname="tests.test_gate_engine" name="test_scoring_positive_path_when_all_pass" time="0.001" /><testcase classname="tests.test_gate_engine" name="test_gate_engine_never_uses_zip_or_age" time="0.005" /><testcase classname="tests.test_indexes" name="test_unique_canonical_key_blocks_duplicate_ingest" time="0.065" /><testcase classname="tests.test_indexes" name="test_unique_submission_receipt_blocks_duplicate" time="0.061" /><testcase classname="tests.test_indexes" name="test_unique_usage_meter_per_period" time="0.063" /><testcase classname="tests.test_indexes" name="test_unique_open_application_partial_index_allows_closed" time="0.061" /></testsuite></testsuites>