<?xml version="1.0" encoding="utf-8"?><testsuites name="pytest tests"><testsuite name="pytest" errors="0" failures="0" skipped="0" tests="7" time="9.688" timestamp="2026-07-20T08:25:33.237864+00:00" hostname="agent-env-af7cc636-8506-4548-af82-a1a50aae0158"><testcase classname="tests.test_round2_e2e_verification" name="test_p0_1_rebase_auth_semantics" time="0.405" /><testcase classname="tests.test_round2_e2e_verification" name="test_p0_1_rebase_wipes_state" time="1.948" /><testcase classname="tests.test_round2_e2e_verification" name="test_p0_2_parity_clean_baseline" time="0.631" /><testcase classname="tests.test_round2_e2e_verification" name="test_p0_2_parity_after_mutations" time="1.643" /><testcase classname="tests.test_round2_e2e_verification" name="test_p0_3_weight_ideal_sum_100" time="0.704" /><testcase classname="tests.test_round2_e2e_verification" name="test_p1_4_feedback_round_trip" time="3.724" /><testcase classname="tests.test_round2_e2e_verification" name="test_user_zero_stays_pristine" time="0.592" /></testsuite></testsuites>