<?xml version="1.0" encoding="utf-8"?><testsuites name="pytest tests"><testsuite name="pytest" errors="0" failures="0" skipped="0" tests="6" time="3.562" timestamp="2026-07-20T08:23:41.392010+00:00" hostname="agent-env-af7cc636-8506-4548-af82-a1a50aae0158"><testcase classname="tests.test_round2_parity_rebase_feedback" name="test_rebase_missing_token_401" time="0.388" /><testcase classname="tests.test_round2_parity_rebase_feedback" name="test_rebase_wrong_token_403" time="0.086" /><testcase classname="tests.test_round2_parity_rebase_feedback" name="test_rebase_correct_token_200_and_never_echoes_secret" time="0.099" /><testcase classname="tests.test_round2_parity_rebase_feedback" name="test_parity_clean_baseline" time="0.651" /><testcase classname="tests.test_round2_parity_rebase_feedback" name="test_parity_after_mutations" time="1.309" /><testcase classname="tests.test_round2_parity_rebase_feedback" name="test_feedback_round_trip_visible_on_get" time="1.013" /></testsuite></testsuites>