<?xml version="1.0" encoding="utf-8"?><testsuites name="pytest tests"><testsuite name="pytest" errors="0" failures="0" skipped="0" tests="18" time="4.257" timestamp="2026-07-20T13:53:41.959693+00:00" hostname="agent-env-af7cc636-8506-4548-af82-a1a50aae0158"><testcase classname="tests.test_security_invariants.TestNoCredentialLeaksInAdminReads" name="test_admin_read_no_credential_leak[/api/v1/admin/users]" time="1.056" /><testcase classname="tests.test_security_invariants.TestNoCredentialLeaksInAdminReads" name="test_admin_read_no_credential_leak[/api/v1/admin/users?q=fixture]" time="0.221" /><testcase classname="tests.test_security_invariants.TestNoCredentialLeaksInAdminReads" name="test_admin_read_no_credential_leak[/api/v1/admin/subscriptions]" time="0.244" /><testcase classname="tests.test_security_invariants.TestNoCredentialLeaksInAdminReads" name="test_admin_read_no_credential_leak[/api/v1/admin/manual-queue]" time="0.238" /><testcase classname="tests.test_security_invariants.TestNoCredentialLeaksInAdminReads" name="test_admin_read_no_credential_leak[/api/v1/admin/flags]" time="0.235" /><testcase classname="tests.test_security_invariants.TestNoCredentialLeaksInAdminReads" name="test_admin_read_no_credential_leak[/api/v1/admin/support-tickets]" time="0.197" /><testcase classname="tests.test_security_invariants.TestNoCredentialLeaksInAdminReads" name="test_admin_read_no_credential_leak[/api/v1/admin/health]" time="0.220" /><testcase classname="tests.test_security_invariants.TestNoCredentialLeaksInAdminReads" name="test_admin_read_no_credential_leak[/api/v1/admin/observability/events]" time="0.214" /><testcase classname="tests.test_security_invariants.TestNoCredentialLeaksInAdminReads" name="test_admin_read_no_credential_leak[/api/v1/admin/observability/errors]" time="0.191" /><testcase classname="tests.test_security_invariants.TestNoCredentialLeaksInUserReads" name="test_user_read_no_credential_leak[/api/v1/auth/me]" time="0.436" /><testcase classname="tests.test_security_invariants.TestNoCredentialLeaksInUserReads" name="test_user_read_no_credential_leak[/api/v1/subscriptions/me]" time="0.097" /><testcase classname="tests.test_security_invariants.TestNoCredentialLeaksInUserReads" name="test_user_read_no_credential_leak[/api/v1/usage/me]" time="0.099" /><testcase classname="tests.test_security_invariants.TestNoCredentialLeaksInUserReads" name="test_user_read_no_credential_leak[/api/v1/preferences/me]" time="0.101" /><testcase classname="tests.test_security_invariants.TestNoCredentialLeaksInUserReads" name="test_user_read_no_credential_leak[/api/v1/privacy/consents]" time="0.136" /><testcase classname="tests.test_security_invariants.TestNoCredentialLeaksInUserReads" name="test_user_read_no_credential_leak[/api/v1/privacy/release-log]" time="0.114" /><testcase classname="tests.test_security_invariants.TestAdminUserDetailDeepScan" name="test_user_detail_no_leaks[admin]" time="0.227" /><testcase classname="tests.test_security_invariants.TestAdminUserDetailDeepScan" name="test_user_detail_no_leaks[support]" time="0.211" /><testcase classname="tests.test_security_invariants.TestSensitivityRegistry" name="test_admin_service_lists_all_known_credential_fields" time="0.000" /></testsuite></testsuites>